.env.sample
.github/PULL_REQUEST_TEMPLATE.md
.github/dependabot.yml
.github/workflows/build-test-application.yml
.github/workflows/check-translations.yml
.github/workflows/merge-post-deploy-tests-to-main.yml
.github/workflows/on-manual-publish-to-dev.yml
.github/workflows/on-merge-to-main.yml
.github/workflows/on-pull-request.yml
.github/workflows/require-pinned-github-actions.yml
.github/workflows/sonarcloud.yml
.github/workflows/update-dependabot-nvmrc.yml
.github/workflows/validate-docker-image-dev.yml
.github/workflows/validate-docker-image.yml
.github/workflows/validate-sam-template-dev.yml
.github/workflows/validate-sam-template.yml
.gitignore
.husky/_/husky.sh
.husky/pre-commit
.nvmrc
.pre-commit-config.yaml
.prettierrc
@types/cookie-session/index.d.ts
@types/express/index.d.ts
CODEOWNERS
Dockerfile
LICENCE
README.md
deploy/samconfig.toml
deploy/template.yaml
docker-compose.yml
docs/adr/0001-record-adrs.md
docs/adr/0002-move-to-secure-pipelines.md
docs/adr/0003-read-data-out-of-account-store-into-app.md
docs/adr/0004-switch-from-redis-to-dynamodb.md
docs/adr/0005-csrf-prevention.md
docs/adr/images/2022-reading-data-out-adopted.png
docs/adr/images/2022-reading-data-out-rejected-api-gateway.png
docs/adr/images/2022-reading-data-out-rejected-lambda.png
eslint.config.mjs
local.Dockerfile
localstack/provision.sh
nodemon.json
package-lock.json
package.json
post-deploy-tests/Dockerfile
post-deploy-tests/jest.config.ts
post-deploy-tests/package-lock.json
post-deploy-tests/package.json
post-deploy-tests/run-tests.sh
post-deploy-tests/tests/features/contact-govuk-one-login.feature
post-deploy-tests/tests/step-definitions/contact-govuk-one-login.step.ts
post-deploy-tests/tests/utils/launch.ts
post-deploy-tests/tsconfig.json
scripts/sync-translations.sh
seed.yaml.sample
sonar-project.properties
src/app.constants.ts
src/app.ts
src/assets/javascript/application.js
src/assets/javascript/cookies.js
src/assets/javascript/tests/cookies.test.js
src/assets/scss/application.scss
src/components/activity-history/activity-history-controller.ts
src/components/activity-history/activity-history-routes.ts
src/components/activity-history/index.njk
src/components/activity-history/tests/activity-history-controller.test.ts
src/components/activity-history/tests/activity-history-integration.test.ts
src/components/add-mfa-method-app/add-mfa-method-app-controller.ts
src/components/add-mfa-method-app/add-mfa-method-app-routes.ts
src/components/add-mfa-method-app/index.njk
src/components/add-mfa-method-app/tests/add-mfa-methods-app-controller.test.ts
src/components/add-mfa-method-sms/add-mfa-method-sms-controller.ts
src/components/add-mfa-method-sms/add-mfa-method-sms-routes.ts
src/components/add-mfa-method-sms/index.njk
src/components/add-mfa-method-sms/tests/add-mfa-method-sms-controller.test.ts
src/components/change-authenticator-app/change-authenticator-app-controller.ts
src/components/change-authenticator-app/change-authenticator-app-routes.ts
src/components/change-authenticator-app/change-authenticator-app-service.ts
src/components/change-authenticator-app/index.njk
src/components/change-authenticator-app/tests/change-authenticator-app-controller.test.ts
src/components/change-authenticator-app/tests/change-authenticator-app-integration.test.ts
src/components/change-authenticator-app/tests/change-authenticator-app-service.test.ts
src/components/change-authenticator-app/types.ts
src/components/change-default-method/change-default-method-controllers.ts
src/components/change-default-method/change-default-method-routes.ts
src/components/change-default-method/change-to-app.njk
src/components/change-default-method/change-to-sms.njk
src/components/change-default-method/index.njk
src/components/change-default-method/tests/change-default-method-controller.test.ts
src/components/change-email/change-email-controller.ts
src/components/change-email/change-email-routes.ts
src/components/change-email/change-email-service.ts
src/components/change-email/change-email-validation.ts
src/components/change-email/index.njk
src/components/change-email/tests/change-email-controller.test.ts
src/components/change-email/tests/change-email-integration.test.ts
src/components/change-email/tests/change-email-service.test.ts
src/components/change-email/types.ts
src/components/change-password/change-password-controller.ts
src/components/change-password/change-password-routes.ts
src/components/change-password/change-password-service.ts
src/components/change-password/change-password-validation.ts
src/components/change-password/index.njk
src/components/change-password/tests/change-password-controller.test.ts
src/components/change-password/tests/change-password-integration.test.ts
src/components/change-password/tests/change-password-service.test.ts
src/components/change-password/types.ts
src/components/change-phone-number/change-phone-number-controller.ts
src/components/change-phone-number/change-phone-number-routes.ts
src/components/change-phone-number/change-phone-number-service.ts
src/components/change-phone-number/change-phone-number-validation.ts
src/components/change-phone-number/index.njk
src/components/change-phone-number/tests/change-phone-number-controller.test.ts
src/components/change-phone-number/tests/change-phone-number-integration.test.ts
src/components/change-phone-number/tests/change-phone-number-service.test.ts
src/components/change-phone-number/types.ts
src/components/check-your-email/check-your-email-controller.ts
src/components/check-your-email/check-your-email-routes.ts
src/components/check-your-email/check-your-email-service.ts
src/components/check-your-email/check-your-email-validation.ts
src/components/check-your-email/index.njk
src/components/check-your-email/tests/check-your-email-controller.test.ts
src/components/check-your-email/tests/check-your-email-integration.test.ts
src/components/check-your-email/tests/check-your-email-service.test.ts
src/components/check-your-email/types.ts
src/components/check-your-phone/check-your-phone-controller.ts
src/components/check-your-phone/check-your-phone-routes.ts
src/components/check-your-phone/check-your-phone-service.ts
src/components/check-your-phone/check-your-phone-validation.ts
src/components/check-your-phone/index.njk
src/components/check-your-phone/tests/check-your-phone-controller.test.ts
src/components/check-your-phone/tests/check-your-phone-integration.test.ts
src/components/check-your-phone/tests/check-your-phone-service.test.ts
src/components/check-your-phone/types.ts
src/components/choose-backup/choose-backup-controller.ts
src/components/choose-backup/choose-backup-routes.ts
src/components/choose-backup/choose-backup-validation.ts
src/components/choose-backup/index.njk
src/components/choose-backup/tests/choose-backup-controller.test.ts
src/components/choose-backup/tests/choose-backup-validation.test.ts
src/components/common/activity-history/event.njk
src/components/common/confirmation-page/confirmation.njk
src/components/common/errors/404.njk
src/components/common/errors/500.njk
src/components/common/errors/errorSummary.njk
src/components/common/ga4-opl/macro.njk
src/components/common/ga4-opl/template.njk
src/components/common/gov-uk-publishing/gov-uk-publishing-service.ts
src/components/common/gov-uk-publishing/types.ts
src/components/common/layout/banner.njk
src/components/common/layout/base-page.njk
src/components/common/layout/base.njk
src/components/common/layout/header.njk
src/components/common/layout/navigation.njk
src/components/common/mfa/add-auth-app.njk
src/components/common/mfa/add-phone-number.njk
src/components/common/mfa/index.ts
src/components/common/mfa/tests/index.test.ts
src/components/common/show-password/macro.njk
src/components/common/sms/add-sms.njk
src/components/contact-govuk-one-login/contact-govuk-one-login-controller.ts
src/components/contact-govuk-one-login/contact-govuk-one-login-routes.ts
src/components/contact-govuk-one-login/index.njk
src/components/contact-govuk-one-login/tests/contact-govuk-one-login-controller.test.ts
src/components/contact-govuk-one-login/types.ts
src/components/delete-account/delete-account-controller.ts
src/components/delete-account/delete-account-routes.ts
src/components/delete-account/delete-account-service.ts
src/components/delete-account/index.njk
src/components/delete-account/tests/delete-account-controller.test.ts
src/components/delete-account/tests/delete-account-integration.test.ts
src/components/delete-account/tests/delete-account-service.test.ts
src/components/delete-account/types.ts
src/components/delete-mfa-method/delete-mfa-method-controller.ts
src/components/delete-mfa-method/delete-mfa-method-routes.ts
src/components/delete-mfa-method/index.njk
src/components/delete-mfa-method/tests/delete-mfa-method-controller.test.ts
src/components/enter-password/enter-password-controller.ts
src/components/enter-password/enter-password-routes.ts
src/components/enter-password/enter-password-service.ts
src/components/enter-password/enter-password-validation.ts
src/components/enter-password/index.njk
src/components/enter-password/tests/enter-password-controller.test.ts
src/components/enter-password/tests/enter-password-integration.test.ts
src/components/enter-password/tests/enter-password-service.test.ts
src/components/enter-password/types.ts
src/components/global-logout/global-logout-controller.ts
src/components/global-logout/global-logout-routes.ts
src/components/global-logout/tests/global-logout-controller.test.ts
src/components/global-logout/types.ts
src/components/healthcheck/healthcheck-controller.ts
src/components/healthcheck/healthcheck-routes.ts
src/components/healthcheck/tests/healthcheck-controller.test.ts
src/components/healthcheck/tests/healthcheck-integration.test.ts
src/components/logout/logout-controller.ts
src/components/logout/logout-routes.ts
src/components/logout/tests/logout-controller.test.ts
src/components/oidc-callback/call-back-controller.ts
src/components/oidc-callback/call-back-routes.ts
src/components/oidc-callback/tests/callback-controller.test.ts
src/components/oidc-callback/types.ts
src/components/redirects/redirects-routes.ts
src/components/redirects/tests/redirects-integration.test.ts
src/components/report-suspicious-activity/index.njk
src/components/report-suspicious-activity/report-suspicious-activity-controller.ts
src/components/report-suspicious-activity/report-suspicious-activity-routes.ts
src/components/report-suspicious-activity/success.njk
src/components/report-suspicious-activity/tests/report-suspicious-activity-controller.test.ts
src/components/resend-email-code/index.njk
src/components/resend-email-code/resend-email-code-controller.ts
src/components/resend-email-code/resend-email-code-routes.ts
src/components/resend-email-code/tests/resend-email-code-controller.test.ts
src/components/resend-email-code/tests/resend-email-code-integration.test.ts
src/components/resend-phone-code/index.njk
src/components/resend-phone-code/resend-phone-code-controller.ts
src/components/resend-phone-code/resend-phone-code-routes.ts
src/components/resend-phone-code/tests/resend-phone-code-controller.test.ts
src/components/resend-phone-code/tests/resend-phone-code-integration.test.ts
src/components/search-services/index.njk
src/components/search-services/search-services-controller.ts
src/components/search-services/search-services-routes.ts
src/components/search-services/tests/search-services-controller.test.ts
src/components/security/index.njk
src/components/security/security-controller.ts
src/components/security/security-routes.ts
src/components/security/tests/security-controller.test.ts
src/components/security/tests/security-integration.test.ts
src/components/session-expired/index.njk
src/components/session-expired/session-expired-controller.ts
src/components/session-expired/session-expired-routes.ts
src/components/session-expired/tests/session-expired-controller.test.ts
src/components/sign-in-history/index.njk
src/components/sign-in-history/sign-in-history-controller.ts
src/components/sign-in-history/tests/sign-in-history-integration.test.ts
src/components/signed-out/index.njk
src/components/signed-out/signed-out-controller.ts
src/components/signed-out/signed-out-routes.ts
src/components/signed-out/tests/signed-out-controller.test.ts
src/components/start/start-controller.ts
src/components/start/start-routes.ts
src/components/start/tests/start-controller.test.ts
src/components/switch-backup-method/index.njk
src/components/switch-backup-method/switch-backup-method-controller.ts
src/components/switch-backup-method/switch-backup-method-routes.ts
src/components/switch-backup-method/tests/change-default-method-controller.test.ts
src/components/track-and-redirect/tests/track-and-redirect-controller.test.ts
src/components/track-and-redirect/tests/tract-and-redirect-route.test.ts
src/components/track-and-redirect/track-and-redirect-controller.ts
src/components/track-and-redirect/track-and-redirect-route.ts
src/components/update-confirmation/index.njk
src/components/update-confirmation/tests/update-confirmation-controller.test.ts
src/components/update-confirmation/update-confirmation-controller.ts
src/components/update-confirmation/update-confirmation-routes.ts
src/components/your-services/index.njk
src/components/your-services/tests/your-services-controller.test.ts
src/components/your-services/tests/your-services-integration.test.ts
src/components/your-services/your-services-controller.ts
src/components/your-services/your-services-routes.ts
src/config.ts
src/config/aws.ts
src/config/cookie.ts
src/config/helmet.ts
src/config/i18next.ts
src/config/nunjucks.ts
src/config/oidc.ts
src/handlers/csrf-error-handler.ts
src/handlers/internal-server-error-handler.ts
src/handlers/page-not-found-handler.ts
src/locales/cy/translation.json
src/locales/en/translation.json
src/middleware/auth-middleware.ts
src/middleware/check-allowed-services-list.ts
src/middleware/csrf-middleware.ts
src/middleware/form-validation-middleware.ts
src/middleware/is-user-logged-in-middleware.ts
src/middleware/language-toggle-middleware.ts
src/middleware/log-error-middleware.ts
src/middleware/mfa-method-middleware.ts
src/middleware/mfa-methods-legacy.ts
src/middleware/no-cache-middleware.ts
src/middleware/outbound-contact-us-links-middleware.ts
src/middleware/overload-protection-middleware.ts
src/middleware/refresh-token-middleware.ts
src/middleware/requires-auth-middleware.ts
src/middleware/sanitize-request-middleware.ts
src/middleware/set-local-vars-middleware.ts
src/middleware/update-session-middleware.ts
src/middleware/validate-state-middleware.ts
src/server.ts
src/services/event-service.test.ts
src/services/event-service.ts
src/services/types.ts
src/types.ts
src/utils/activityHistory.ts
src/utils/async.ts
src/utils/cache.ts
src/utils/decrypt-data.ts
src/utils/dynamo.ts
src/utils/errors.ts
src/utils/get-access-check-value.ts
src/utils/global-try-catch.ts
src/utils/http.ts
src/utils/isUserLoggedIn.ts
src/utils/kms-keyring-builder.ts
src/utils/kms.ts
src/utils/language-toggle.ts
src/utils/logger.ts
src/utils/mfa/index.ts
src/utils/mfa/types.d.ts
src/utils/oidc.ts
src/utils/phone-number.ts
src/utils/present-activity-history.ts
src/utils/prettifyDate.ts
src/utils/read-envs.ts
src/utils/redact.ts
src/utils/referenceCode.ts
src/utils/retryableFunction.ts
src/utils/safeTranslate.ts
src/utils/session-ids.ts
src/utils/session-store.ts
src/utils/sns.ts
src/utils/sqs.ts
src/utils/state-machine.ts
src/utils/strings.ts
src/utils/test/decrypt-data.test.ts
src/utils/test/isUserLoggedIn.test.ts
src/utils/test/kms-keyring-builder.test.ts
src/utils/test/mfa.test.ts
src/utils/test/phone-number.test.ts
src/utils/test/redact.test.ts
src/utils/test/retryableFunction.test.ts
src/utils/test/session-ids.test.ts
src/utils/test/session-store.test.ts
src/utils/test/sqs.test.ts
src/utils/test/txma-header.test.ts
src/utils/txma-header.ts
src/utils/types.ts
src/utils/validation.ts
src/utils/yourServices.ts
test/data-scripts/activity-log.sh
test/data-scripts/raw_events.sh
test/unit/app.test.ts
test/unit/config.test.ts
test/unit/config/nunjucks.test.ts
test/unit/error-handler.test.ts
test/unit/middleware/auth-middleware.test.ts
test/unit/middleware/csrf-middleware.test.ts
test/unit/middleware/form-validation-middleware.test.ts
test/unit/middleware/is-user-logged-in-middleware.test.ts
test/unit/middleware/language-toggle-middleware.test.ts
test/unit/middleware/mfa-method-middleware.test.ts
test/unit/middleware/outbound-contact-us-links-middleware.test.ts
test/unit/middleware/overload-protection-middleware.test.ts
test/unit/middleware/refresh-token-middleware.test.ts
test/unit/middleware/requires-auth-middleware.test.ts
test/unit/middleware/sanitize-request-middleware.test.ts
test/unit/middleware/set-local-vars-middleware.test.ts
test/unit/middleware/update-session-middleware.test.ts
test/unit/middleware/validate-state-middleware.test.ts
test/unit/utils/activityHistory.test.ts
test/unit/utils/language.toggle.test.ts
test/unit/utils/oidc.test.ts
test/unit/utils/phone-number.test.ts
test/unit/utils/present-activity-history.test.ts
test/unit/utils/prettifyDate.test.ts
test/unit/utils/referenceCode.test.ts
test/unit/utils/safeTranslate.test.ts
test/unit/utils/state-machine.test.ts
test/unit/utils/strings.test.ts
test/unit/utils/yourServices.test.ts
test/utils/behaviours.ts
test/utils/builders.ts
test/utils/global-try-catch.test.ts
test/utils/helpers.ts
test/utils/logger.test.ts
test/utils/test-utils.ts
tsconfig.json
tsconfig.mocha.json
tslint.json
