.env
.gitignore
.gitmodules
Batch.sln
CODEOWNERS
DisasterAndRecoveryCSV/DisasterAndRecoveryCSV.csproj
DisasterAndRecoveryCSV/Program.cs
DisasterAndRecoveryCSV/Properties/AssemblyInfo.cs
DisasterAndRecoveryCSV/app.config
DisasterAndRecoveryCSV/packages.config
DisasterAndRecoveryXml/DisasterAndRecoveryXml.csproj
DisasterAndRecoveryXml/Program.cs
DisasterAndRecoveryXml/Properties/AssemblyInfo.cs
DisasterAndRecoveryXml/app.config
DisasterAndRecoveryXml/packages.config
Dockerfile
KSS.PriceNet.ArchiveTruncate/FileArchiveTruncate.cs
KSS.PriceNet.ArchiveTruncate/FileTypes.cs
KSS.PriceNet.ArchiveTruncate/IArchiveTruncate.cs
KSS.PriceNet.ArchiveTruncate/KSS.PriceNet.ArchiveTruncate.csproj
KSS.PriceNet.ArchiveTruncate/Properties/AssemblyInfo.cs
KSS.PriceNet.ArchiveTruncate/StringValue.cs
KSS.PriceNet.ArchiveTruncate/app.config
KSS.PriceNet.Batch.ArchiveTruncate/KSS.PriceNet.Batch.ArchiveTruncate.csproj
KSS.PriceNet.Batch.ArchiveTruncate/Process.cs
KSS.PriceNet.Batch.ArchiveTruncate/Properties/AssemblyInfo.cs
KSS.PriceNet.Batch.ArchiveTruncate/app.config
KSS.PriceNet.Batch.ClosedRestrictedStrategy/ClosedRestrictedHandler.cs
KSS.PriceNet.Batch.ClosedRestrictedStrategy/ClosedRestrictedStrategy.cs
KSS.PriceNet.Batch.ClosedRestrictedStrategy/KSS.PriceNet.Batch.ClosedRestrictedStrategy.csproj
KSS.PriceNet.Batch.ClosedRestrictedStrategy/Properties/AssemblyInfo.cs
KSS.PriceNet.Batch.ClosedRestrictedStrategy/ProposedPrice.cs
KSS.PriceNet.Batch.ClosedRestrictedStrategy/Strategy.cs
KSS.PriceNet.Batch.ClosedRestrictedStrategy/app.config
KSS.PriceNet.Batch.ConsoleApplication/App.config
KSS.PriceNet.Batch.ConsoleApplication/KSS.PriceNet.Batch.ConsoleApplication.csproj
KSS.PriceNet.Batch.ConsoleApplication/Program.cs
KSS.PriceNet.Batch.ConsoleApplication/Properties/AssemblyInfo.cs
KSS.PriceNet.Batch.ConsoleApplication/packages.config
KSS.PriceNet.Batch.CostAggregation/Aggregate.cs
KSS.PriceNet.Batch.CostAggregation/KSS.PriceNet.Batch.CostAggregation.csproj
KSS.PriceNet.Batch.CostAggregation/Properties/AssemblyInfo.cs
KSS.PriceNet.Batch.CostAggregation/app.config
KSS.PriceNet.Batch.DealerPriceCalculation/CalculationException.cs
KSS.PriceNet.Batch.DealerPriceCalculation/CalculationResults.Designer.cs
KSS.PriceNet.Batch.DealerPriceCalculation/CalculationResults.xsd
KSS.PriceNet.Batch.DealerPriceCalculation/DealerPriceCalculator.cs
KSS.PriceNet.Batch.DealerPriceCalculation/DtaPriceData.Designer.cs
KSS.PriceNet.Batch.DealerPriceCalculation/DtaPriceData.xsd
KSS.PriceNet.Batch.DealerPriceCalculation/KSS.PriceNet.Batch.DealerPriceCalculation.csproj
KSS.PriceNet.Batch.DealerPriceCalculation/PriceNet.snk
KSS.PriceNet.Batch.DealerPriceCalculation/Process.cs
KSS.PriceNet.Batch.DealerPriceCalculation/Properties/AssemblyInfo.cs
KSS.PriceNet.Batch.DealerPriceCalculation/app.config
KSS.PriceNet.Batch.DeleteExportedFiles/DeleteExportedFiles.cs
KSS.PriceNet.Batch.DeleteExportedFiles/KSS.PriceNet.Batch.DeleteExportedFiles.csproj
KSS.PriceNet.Batch.DeleteExportedFiles/PriceNet.snk
KSS.PriceNet.Batch.DeleteExportedFiles/Properties/AssemblyInfo.cs
KSS.PriceNet.Batch.DeleteExportedFiles/app.config
KSS.PriceNet.Batch.Download/Credential.cs
KSS.PriceNet.Batch.Download/FtpDownload.cs
KSS.PriceNet.Batch.Download/IDownload.cs
KSS.PriceNet.Batch.Download/KSS.PriceNet.Batch.Download.csproj
KSS.PriceNet.Batch.Download/MultipleLocationFileDownload.cs
KSS.PriceNet.Batch.Download/Properties/AssemblyInfo.cs
KSS.PriceNet.Batch.Download/app.config
KSS.PriceNet.Batch.Engine/Common.cs
KSS.PriceNet.Batch.Engine/Extensions.cs
KSS.PriceNet.Batch.Engine/KSS.PriceNet.Batch.Engine.csproj
KSS.PriceNet.Batch.Engine/Properties/AssemblyInfo.cs
KSS.PriceNet.Batch.Engine/RegistoryOpperations.cs
KSS.PriceNet.Batch.Engine/TaskInfo.cs
KSS.PriceNet.Batch.Engine/TaskParameter.cs
KSS.PriceNet.Batch.Engine/packages.config
KSS.PriceNet.Batch.EntityModel/IntelliDelete.cs
KSS.PriceNet.Batch.EntityModel/KSS.PriceNet.Batch.EntityModel.csproj
KSS.PriceNet.Batch.EntityModel/Properties/AssemblyInfo.cs
KSS.PriceNet.Batch.EntityModel/app.config
KSS.PriceNet.Batch.Export.Auditing/AuditItem.cs
KSS.PriceNet.Batch.Export.Auditing/AuditLogger.cs
KSS.PriceNet.Batch.Export.Auditing/AuditLoggerHandler.cs
KSS.PriceNet.Batch.Export.Auditing/KSS.PriceNet.Batch.Export.Auditing.csproj
KSS.PriceNet.Batch.Export.Auditing/PriceNet.snk
KSS.PriceNet.Batch.Export.Auditing/Properties/AssemblyInfo.cs
KSS.PriceNet.Batch.Export.Auditing/app.config
KSS.PriceNet.Batch.Export.Auditing/packages.config
KSS.PriceNet.Batch.Export.Formatter/CommonFormatting.cs
KSS.PriceNet.Batch.Export.Formatter/ExportData.cs
KSS.PriceNet.Batch.Export.Formatter/ExportXMLConstants.cs
KSS.PriceNet.Batch.Export.Formatter/IClassFormatter.cs
KSS.PriceNet.Batch.Export.Formatter/IFormatter.cs
KSS.PriceNet.Batch.Export.Formatter/KSS.PriceNet.Batch.Export.Formatter.csproj
KSS.PriceNet.Batch.Export.Formatter/NotesJSON.cs
KSS.PriceNet.Batch.Export.Formatter/PriceNet.snk
KSS.PriceNet.Batch.Export.Formatter/Properties/AssemblyInfo.cs
KSS.PriceNet.Batch.Export.Formatter/ProposedPricesCSV.cs
KSS.PriceNet.Batch.Export.Formatter/ProposedPricesJSON.cs
KSS.PriceNet.Batch.Export.Formatter/ProposedPricesXML.cs
KSS.PriceNet.Batch.Export.Formatter/ProposedPricesXMLBySite.cs
KSS.PriceNet.Batch.Export.Formatter/Radiant.txt
KSS.PriceNet.Batch.Export.Formatter/app.config
KSS.PriceNet.Batch.Export.Formatter/packages.config
KSS.PriceNet.Batch.Export.ModelSummary/Export.cs
KSS.PriceNet.Batch.Export.ModelSummary/KSS.PriceNet.Batch.Export.ModelSummary.csproj
KSS.PriceNet.Batch.Export.ModelSummary/ModelSummaryHandler.cs
KSS.PriceNet.Batch.Export.ModelSummary/PriceNet.snk
KSS.PriceNet.Batch.Export.ModelSummary/Properties/AssemblyInfo.cs
KSS.PriceNet.Batch.Export.ModelSummary/app.config
KSS.PriceNet.Batch.Export.ModelSummaryRequester/KSS.PriceNet.Batch.Export.ModelSummaryRequester.csproj
KSS.PriceNet.Batch.Export.ModelSummaryRequester/KSSLogo.ico
KSS.PriceNet.Batch.Export.ModelSummaryRequester/PriceNet.snk
KSS.PriceNet.Batch.Export.ModelSummaryRequester/Program.cs
KSS.PriceNet.Batch.Export.ModelSummaryRequester/Properties/AssemblyInfo.cs
KSS.PriceNet.Batch.Export.ModelSummaryRequester/app.config
KSS.PriceNet.Batch.Export.ModelSummaryRequester/packages.config
KSS.PriceNet.Batch.Export.Notes/Export.cs
KSS.PriceNet.Batch.Export.Notes/KSS.PriceNet.Batch.Export.Notes.csproj
KSS.PriceNet.Batch.Export.Notes/NoteExportHandler.cs
KSS.PriceNet.Batch.Export.Notes/Properties/AssemblyInfo.cs
KSS.PriceNet.Batch.Export.Notes/app.config
KSS.PriceNet.Batch.Export.PostProcessing/GPCHandlerPost.cs
KSS.PriceNet.Batch.Export.PostProcessing/IExportPostProcessingStep.cs
KSS.PriceNet.Batch.Export.PostProcessing/KSS.PriceNet.Batch.Export.PostProcessing.csproj
KSS.PriceNet.Batch.Export.PostProcessing/PostProcess.cs
KSS.PriceNet.Batch.Export.PostProcessing/PostprocessingHandler.cs
KSS.PriceNet.Batch.Export.PostProcessing/Properties/AssemblyInfo.cs
KSS.PriceNet.Batch.Export.PostProcessing/ProposedIsImplemented.cs
KSS.PriceNet.Batch.Export.PostProcessing/SetCurrentPrice.cs
KSS.PriceNet.Batch.Export.PostProcessing/app.config
KSS.PriceNet.Batch.Export.PreProcessing/AverageMargin.cs
KSS.PriceNet.Batch.Export.PreProcessing/BackupPlanning.cs
KSS.PriceNet.Batch.Export.PreProcessing/Calculate442State.cs
KSS.PriceNet.Batch.Export.PreProcessing/CombineAndTillHandling.cs
KSS.PriceNet.Batch.Export.PreProcessing/DealerPricing.cs
KSS.PriceNet.Batch.Export.PreProcessing/DealerSites.cs
KSS.PriceNet.Batch.Export.PreProcessing/DelayedPricing.cs
KSS.PriceNet.Batch.Export.PreProcessing/DuplicateInfo.cs
KSS.PriceNet.Batch.Export.PreProcessing/ExportMode.cs
KSS.PriceNet.Batch.Export.PreProcessing/FutureEffectiveTime.cs
KSS.PriceNet.Batch.Export.PreProcessing/GrossMargin.cs
KSS.PriceNet.Batch.Export.PreProcessing/HandleDelayedPricing.cs
KSS.PriceNet.Batch.Export.PreProcessing/HandleGPC.cs
KSS.PriceNet.Batch.Export.PreProcessing/HandleNAP.cs
KSS.PriceNet.Batch.Export.PreProcessing/IExportPreProcessingStep.cs
KSS.PriceNet.Batch.Export.PreProcessing/KSS.PriceNet.Batch.Export.PreProcessing.csproj
KSS.PriceNet.Batch.Export.PreProcessing/LeadFollowRelations.cs
KSS.PriceNet.Batch.Export.PreProcessing/MoveEffectiveTime.cs
KSS.PriceNet.Batch.Export.PreProcessing/PreProcess.cs
KSS.PriceNet.Batch.Export.PreProcessing/PreprocessingHandler.cs
KSS.PriceNet.Batch.Export.PreProcessing/Properties/AssemblyInfo.cs
KSS.PriceNet.Batch.Export.PreProcessing/ProtocolPricing.cs
KSS.PriceNet.Batch.Export.PreProcessing/SetExportMinutes.cs
KSS.PriceNet.Batch.Export.PreProcessing/SiteSystemOffline.cs
KSS.PriceNet.Batch.Export.PreProcessing/VariantProductPricing.cs
KSS.PriceNet.Batch.Export.PreProcessing/app.config
KSS.PriceNet.Batch.Export.ProposedPrices/Export.cs
KSS.PriceNet.Batch.Export.ProposedPrices/KSS.PriceNet.Batch.Export.ProposedPrices.csproj
KSS.PriceNet.Batch.Export.ProposedPrices/Properties/AssemblyInfo.cs
KSS.PriceNet.Batch.Export.ProposedPrices/ProposedPriceExportData.cs
KSS.PriceNet.Batch.Export.ProposedPrices/ProposedPriceHandler.cs
KSS.PriceNet.Batch.Export.ProposedPrices/app.config
KSS.PriceNet.Batch.Export.Transform/ITransform.cs
KSS.PriceNet.Batch.Export.Transform/KSS.PriceNet.Batch.Export.Transform.csproj
KSS.PriceNet.Batch.Export.Transform/PriceNet.snk
KSS.PriceNet.Batch.Export.Transform/Properties/AssemblyInfo.cs
KSS.PriceNet.Batch.Export.Transform/Radiant.cs
KSS.PriceNet.Batch.Export.Transform/RadiantTemplate.cs
KSS.PriceNet.Batch.Export.Transform/RadiantTemplate.tt
KSS.PriceNet.Batch.Export.Transform/RadiantTemplateCode.cs
KSS.PriceNet.Batch.Export.Transform/app.config
KSS.PriceNet.Batch.ExportEntity/ColumnInfo.cs
KSS.PriceNet.Batch.ExportEntity/ExportEntity.cs
KSS.PriceNet.Batch.ExportEntity/ExportSettings.cs
KSS.PriceNet.Batch.ExportEntity/Exporter.cs
KSS.PriceNet.Batch.ExportEntity/KSS.PriceNet.Batch.ExportEntity.csproj
KSS.PriceNet.Batch.ExportEntity/PriceNet.snk
KSS.PriceNet.Batch.ExportEntity/Properties/AssemblyInfo.cs
KSS.PriceNet.Batch.ExportEntity/app.config
KSS.PriceNet.Batch.ExportEntity/packages.config
KSS.PriceNet.Batch.GPCRulesMonitor/GPCRuleMonitorHandler.cs
KSS.PriceNet.Batch.GPCRulesMonitor/KSS.PriceNet.Batch.GPCRulesMonitor.csproj
KSS.PriceNet.Batch.GPCRulesMonitor/OwnSite.cs
KSS.PriceNet.Batch.GPCRulesMonitor/PriceMovement.cs
KSS.PriceNet.Batch.GPCRulesMonitor/PriceRequest.cs
KSS.PriceNet.Batch.GPCRulesMonitor/Process.cs
KSS.PriceNet.Batch.GPCRulesMonitor/Properties/AssemblyInfo.cs
KSS.PriceNet.Batch.GPCRulesMonitor/ProposedPrice.cs
KSS.PriceNet.Batch.GPCRulesMonitor/RuleLog.cs
KSS.PriceNet.Batch.GPCRulesMonitor/app.config
KSS.PriceNet.Batch.GPCUpdates/GPCUpdatesHandler.cs
KSS.PriceNet.Batch.GPCUpdates/KSS.PriceNet.Batch.GPCUpdates.csproj
KSS.PriceNet.Batch.GPCUpdates/Process.cs
KSS.PriceNet.Batch.GPCUpdates/Properties/AssemblyInfo.cs
KSS.PriceNet.Batch.GPCUpdates/app.config
KSS.PriceNet.Batch.IDAL/IArchiveTruncateDAL.cs
KSS.PriceNet.Batch.IDAL/IAuditingDAL.cs
KSS.PriceNet.Batch.IDAL/IBatchDAL.cs
KSS.PriceNet.Batch.IDAL/IClosedRestrictedDAL.cs
KSS.PriceNet.Batch.IDAL/ICommonTransportDAL.cs
KSS.PriceNet.Batch.IDAL/ICostAggregationDAL.cs
KSS.PriceNet.Batch.IDAL/IDealerPriceCalculationDAL.cs
KSS.PriceNet.Batch.IDAL/IDeleteExportedFilesDAL.cs
KSS.PriceNet.Batch.IDAL/IExportEntityDAL.cs
KSS.PriceNet.Batch.IDAL/IExportUtilityDAL.cs
KSS.PriceNet.Batch.IDAL/IGPCRulesMonitorDAL.cs
KSS.PriceNet.Batch.IDAL/IGPCUpdatesDAL.cs
KSS.PriceNet.Batch.IDAL/IImportDAL.cs
KSS.PriceNet.Batch.IDAL/ILeadFollowPRCreationDAL.cs
KSS.PriceNet.Batch.IDAL/ILicensingDAL.cs
KSS.PriceNet.Batch.IDAL/IModelSummaryDAL.cs
KSS.PriceNet.Batch.IDAL/INoteExportDAL.cs
KSS.PriceNet.Batch.IDAL/IPRDEventProcessDAL.cs
KSS.PriceNet.Batch.IDAL/IPerformanceAuditDAL.cs
KSS.PriceNet.Batch.IDAL/IPostprocessingDAL.cs
KSS.PriceNet.Batch.IDAL/IPreprocessingDAL.cs
KSS.PriceNet.Batch.IDAL/IPriceGenerationPreprocessingDAL.cs
KSS.PriceNet.Batch.IDAL/IPriceRequestValidationDAL.cs
KSS.PriceNet.Batch.IDAL/IProposedPriceExportDAL.cs
KSS.PriceNet.Batch.IDAL/IRefinementDAL.cs
KSS.PriceNet.Batch.IDAL/IRescalingDAL.cs
KSS.PriceNet.Batch.IDAL/IRetailPriceExportDAL.cs
KSS.PriceNet.Batch.IDAL/IStrategyInitialiseDAL.cs
KSS.PriceNet.Batch.IDAL/ITransportHandlerDAL.cs
KSS.PriceNet.Batch.IDAL/KSS.PriceNet.Batch.IDAL.csproj
KSS.PriceNet.Batch.IDAL/PriceNet.snk
KSS.PriceNet.Batch.IDAL/Properties/AssemblyInfo.cs
KSS.PriceNet.Batch.IDAL/app.config
KSS.PriceNet.Batch.IStep/IBatchStep.cs
KSS.PriceNet.Batch.IStep/IDataBatchStep.cs
KSS.PriceNet.Batch.IStep/ILoggedBatchStep.cs
KSS.PriceNet.Batch.IStep/KSS.PriceNet.Batch.IStep.csproj
KSS.PriceNet.Batch.IStep/PriceNet.snk
KSS.PriceNet.Batch.IStep/Properties/AssemblyInfo.cs
KSS.PriceNet.Batch.Import/DataChannels.Designer.cs
KSS.PriceNet.Batch.Import/DataChannels.xsd
KSS.PriceNet.Batch.Import/Exceptions.cs
KSS.PriceNet.Batch.Import/FileLockUtil.cs
KSS.PriceNet.Batch.Import/ImportDataFiles.cs
KSS.PriceNet.Batch.Import/KSS.PriceNet.Batch.Import.csproj
KSS.PriceNet.Batch.Import/PriceNet.snk
KSS.PriceNet.Batch.Import/Properties/AssemblyInfo.cs
KSS.PriceNet.Batch.Import/Results.Designer.cs
KSS.PriceNet.Batch.Import/Results.xsd
KSS.PriceNet.Batch.Import/app.config
KSS.PriceNet.Batch.Import/packages.config
KSS.PriceNet.Batch.LeadFollowPRCreation/KSS.PriceNet.Batch.LeadFollowPRCreation.csproj
KSS.PriceNet.Batch.LeadFollowPRCreation/LFGPCInfo.cs
KSS.PriceNet.Batch.LeadFollowPRCreation/LFProcessingInfo.cs
KSS.PriceNet.Batch.LeadFollowPRCreation/LFStrategy.cs
KSS.PriceNet.Batch.LeadFollowPRCreation/LeadFollowPRCreationHandler.cs
KSS.PriceNet.Batch.LeadFollowPRCreation/Process.cs
KSS.PriceNet.Batch.LeadFollowPRCreation/Properties/AssemblyInfo.cs
KSS.PriceNet.Batch.LeadFollowPRCreation/StrategyValue.cs
KSS.PriceNet.Batch.LeadFollowPRCreation/app.config
KSS.PriceNet.Batch.Licensing/ActiveSiteThesholdEmailTemplate.htm
KSS.PriceNet.Batch.Licensing/ILicensingHandler.cs
KSS.PriceNet.Batch.Licensing/KSS.PriceNet.Batch.Licensing.csproj
KSS.PriceNet.Batch.Licensing/LicenseAuditSummaryEmailTemplate.htm
KSS.PriceNet.Batch.Licensing/LicensingHandler.cs
KSS.PriceNet.Batch.Licensing/PriceNetGenuineAdvantage.cs
KSS.PriceNet.Batch.Licensing/Properties/AssemblyInfo.cs
KSS.PriceNet.Batch.Licensing/app.config
KSS.PriceNet.Batch.ModelUpdate.BLL/Import.cs
KSS.PriceNet.Batch.ModelUpdate.BLL/KSS.PriceNet.Batch.ModelUpdate.BLL.csproj
KSS.PriceNet.Batch.ModelUpdate.BLL/ModelUpdateXMLSchema.xsd
KSS.PriceNet.Batch.ModelUpdate.BLL/ModelUpdateXMLSchema.xsx
KSS.PriceNet.Batch.ModelUpdate.BLL/Properties/AssemblyInfo.cs
KSS.PriceNet.Batch.ModelUpdate.BLL/app.config
KSS.PriceNet.Batch.ModelUpdate.DataStructures/Entity.cs
KSS.PriceNet.Batch.ModelUpdate.DataStructures/EntityIdentifiers.cs
KSS.PriceNet.Batch.ModelUpdate.DataStructures/EntityProperties.cs
KSS.PriceNet.Batch.ModelUpdate.DataStructures/KSS.PriceNet.Batch.ModelUpdate.DataStructures.csproj
KSS.PriceNet.Batch.ModelUpdate.DataStructures/ModelImportInfo.cs
KSS.PriceNet.Batch.ModelUpdate.DataStructures/ModelUpdateError.cs
KSS.PriceNet.Batch.ModelUpdate.DataStructures/Note.cs
KSS.PriceNet.Batch.ModelUpdate.DataStructures/Notes.cs
KSS.PriceNet.Batch.ModelUpdate.DataStructures/Properties/AssemblyInfo.cs
KSS.PriceNet.Batch.ModelUpdate.DataStructures/PropertiesClass.cs
KSS.PriceNet.Batch.ModelUpdate.DataStructures/Property.cs
KSS.PriceNet.Batch.ModelUpdate.DataStructures/app.config
KSS.PriceNet.Batch.ModelUpdate.IDAL/IModelUpdate.cs
KSS.PriceNet.Batch.ModelUpdate.IDAL/KSS.PriceNet.Batch.ModelUpdate.IDAL.csproj
KSS.PriceNet.Batch.ModelUpdate.IDAL/Properties/AssemblyInfo.cs
KSS.PriceNet.Batch.ModelUpdate.IDAL/app.config
KSS.PriceNet.Batch.ModelUpdate.SQLServerDAL/KSS.PriceNet.Batch.ModelUpdate.SQLServerDAL.csproj
KSS.PriceNet.Batch.ModelUpdate.SQLServerDAL/ModelUpdate.cs
KSS.PriceNet.Batch.ModelUpdate.SQLServerDAL/Properties/AssemblyInfo.cs
KSS.PriceNet.Batch.ModelUpdate.SQLServerDAL/app.config
KSS.PriceNet.Batch.PRDEventProcess/KSS.PriceNet.Batch.PRDEventProcess.csproj
KSS.PriceNet.Batch.PRDEventProcess/PRDEventProcessHandler.cs
KSS.PriceNet.Batch.PRDEventProcess/Process.cs
KSS.PriceNet.Batch.PRDEventProcess/Properties/AssemblyInfo.cs
KSS.PriceNet.Batch.PRDEventProcess/app.config
KSS.PriceNet.Batch.PriceGenerationControl/KSS.PriceNet.Batch.PriceGenerationControl.csproj
KSS.PriceNet.Batch.PriceGenerationControl/PriceGenerationControl.cs
KSS.PriceNet.Batch.PriceGenerationControl/Properties/AssemblyInfo.cs
KSS.PriceNet.Batch.PriceGenerationControl/app.config
KSS.PriceNet.Batch.PriceGenerationControl/packages.config
KSS.PriceNet.Batch.PriceGenerationPreprocessing/ExportType.cs
KSS.PriceNet.Batch.PriceGenerationPreprocessing/KSS.PriceNet.Batch.PriceGenerationPreprocessing.csproj
KSS.PriceNet.Batch.PriceGenerationPreprocessing/PriceGenerationPreprocessing.cs
KSS.PriceNet.Batch.PriceGenerationPreprocessing/PriceGenerationTriggerCondition.cs
KSS.PriceNet.Batch.PriceGenerationPreprocessing/PriceNet.snk
KSS.PriceNet.Batch.PriceGenerationPreprocessing/PriceRequestData.Designer.cs
KSS.PriceNet.Batch.PriceGenerationPreprocessing/PriceRequestData.xsd
KSS.PriceNet.Batch.PriceGenerationPreprocessing/Properties/AssemblyInfo.cs
KSS.PriceNet.Batch.PriceGenerationPreprocessing/app.config
KSS.PriceNet.Batch.PriceRequestValidation.Tests/KSS.PriceNet.Batch.PriceRequestValidation.Tests.csproj
KSS.PriceNet.Batch.PriceRequestValidation.Tests/MockPriceRequestValidationDAL.cs
KSS.PriceNet.Batch.PriceRequestValidation.Tests/MockPriceRequestValidationData.cs
KSS.PriceNet.Batch.PriceRequestValidation.Tests/Properties/AssemblyInfo.cs
KSS.PriceNet.Batch.PriceRequestValidation.Tests/ValidationTests.cs
KSS.PriceNet.Batch.PriceRequestValidation.Tests/app.config
KSS.PriceNet.Batch.PriceRequestValidation.Tests/packages.config
KSS.PriceNet.Batch.PriceRequestValidation/DataAccess.cs
KSS.PriceNet.Batch.PriceRequestValidation/KSS.PriceNet.Batch.PriceRequestValidation.csproj
KSS.PriceNet.Batch.PriceRequestValidation/KSS.PriceNet.Batch.PriceRequestValidation.sln
KSS.PriceNet.Batch.PriceRequestValidation/PlausibilityCheck.cs
KSS.PriceNet.Batch.PriceRequestValidation/PriceNet.snk
KSS.PriceNet.Batch.PriceRequestValidation/Properties/AssemblyInfo.cs
KSS.PriceNet.Batch.PriceRequestValidation/Query.cs
KSS.PriceNet.Batch.PriceRequestValidation/Validate.cs
KSS.PriceNet.Batch.PriceRequestValidation/ValidationTestbench/App.config
KSS.PriceNet.Batch.PriceRequestValidation/ValidationTestbench/Form1.Designer.cs
KSS.PriceNet.Batch.PriceRequestValidation/ValidationTestbench/Form1.cs
KSS.PriceNet.Batch.PriceRequestValidation/ValidationTestbench/Form1.resx
KSS.PriceNet.Batch.PriceRequestValidation/ValidationTestbench/Program.cs
KSS.PriceNet.Batch.PriceRequestValidation/ValidationTestbench/Properties/AssemblyInfo.cs
KSS.PriceNet.Batch.PriceRequestValidation/ValidationTestbench/ValidationTestbench.csproj
KSS.PriceNet.Batch.PriceRequestValidation/app.config
KSS.PriceNet.Batch.Refinement/KSS.PriceNet.Batch.Refinement.BLL.csproj
KSS.PriceNet.Batch.Refinement/PriceNet.snk
KSS.PriceNet.Batch.Refinement/Properties/AssemblyInfo.cs
KSS.PriceNet.Batch.Refinement/Refine.cs
KSS.PriceNet.Batch.Refinement/app.config
KSS.PriceNet.Batch.Rescaling/KSS.PriceNet.Batch.Rescaling.BLL.csproj
KSS.PriceNet.Batch.Rescaling/PriceNet.snk
KSS.PriceNet.Batch.Rescaling/Properties/AssemblyInfo.cs
KSS.PriceNet.Batch.Rescaling/Rescale.cs
KSS.PriceNet.Batch.Rescaling/app.config
KSS.PriceNet.Batch.SQLServerDAL/ArchiveTruncateDAL.cs
KSS.PriceNet.Batch.SQLServerDAL/AuditingDAL.cs
KSS.PriceNet.Batch.SQLServerDAL/BatchDAL.cs
KSS.PriceNet.Batch.SQLServerDAL/ClosedRestrictedDAL.cs
KSS.PriceNet.Batch.SQLServerDAL/CommonTransportDAL.cs
KSS.PriceNet.Batch.SQLServerDAL/CostAggregationDAL.cs
KSS.PriceNet.Batch.SQLServerDAL/DealerPriceCalculationDAL.cs
KSS.PriceNet.Batch.SQLServerDAL/DeleteExportedFilesDAL.cs
KSS.PriceNet.Batch.SQLServerDAL/ExportEntityDAL.cs
KSS.PriceNet.Batch.SQLServerDAL/ExportUtilityDAL.cs
KSS.PriceNet.Batch.SQLServerDAL/GPCRulesMonitorDAL.cs
KSS.PriceNet.Batch.SQLServerDAL/GPCUpdatesDAL.cs
KSS.PriceNet.Batch.SQLServerDAL/ImportDAL.cs
KSS.PriceNet.Batch.SQLServerDAL/KSS.PriceNet.Batch.SQLServerDAL.csproj
KSS.PriceNet.Batch.SQLServerDAL/LeadFollowPRCreationDAL.cs
KSS.PriceNet.Batch.SQLServerDAL/LicensingDAL.cs
KSS.PriceNet.Batch.SQLServerDAL/ModelSummaryDAL.cs
KSS.PriceNet.Batch.SQLServerDAL/NoteExportDAL.cs
KSS.PriceNet.Batch.SQLServerDAL/PRDEventProcessDAL.cs
KSS.PriceNet.Batch.SQLServerDAL/PerformanceAuditDAL.cs
KSS.PriceNet.Batch.SQLServerDAL/PostProcessingDAL.cs
KSS.PriceNet.Batch.SQLServerDAL/PreProcessingDAL.cs
KSS.PriceNet.Batch.SQLServerDAL/PriceGenerationPreprocessingDAL.cs
KSS.PriceNet.Batch.SQLServerDAL/PriceNet.snk
KSS.PriceNet.Batch.SQLServerDAL/PriceRequestValidationDAL.cs
KSS.PriceNet.Batch.SQLServerDAL/Properties/AssemblyInfo.cs
KSS.PriceNet.Batch.SQLServerDAL/ProposedPriceExportDAL.cs
KSS.PriceNet.Batch.SQLServerDAL/RefinementDAL.cs
KSS.PriceNet.Batch.SQLServerDAL/RescalingDAL.cs
KSS.PriceNet.Batch.SQLServerDAL/RetailPriceExportDAL.cs
KSS.PriceNet.Batch.SQLServerDAL/StrategyInitialiseDAL.cs
KSS.PriceNet.Batch.SQLServerDAL/TransportHandlerDAL.cs
KSS.PriceNet.Batch.SQLServerDAL/app.config
KSS.PriceNet.Batch.Service/App.config
KSS.PriceNet.Batch.Service/BatchService.Designer.cs
KSS.PriceNet.Batch.Service/BatchService.cs
KSS.PriceNet.Batch.Service/BatchService.resx
KSS.PriceNet.Batch.Service/BatchServiceInstaller.Designer.cs
KSS.PriceNet.Batch.Service/BatchServiceInstaller.cs
KSS.PriceNet.Batch.Service/BatchServiceInstaller.resx
KSS.PriceNet.Batch.Service/KSS.PriceNet.Batch.Service.csproj
KSS.PriceNet.Batch.Service/PriceNet.snk
KSS.PriceNet.Batch.Service/Program.cs
KSS.PriceNet.Batch.Service/Properties/AssemblyInfo.cs
KSS.PriceNet.Batch.Service/ServiceControlManager.cs
KSS.PriceNet.Batch.StrategyInitialise/Initialise.cs
KSS.PriceNet.Batch.StrategyInitialise/KSS.PriceNet.Batch.StrategyInitialise.csproj
KSS.PriceNet.Batch.StrategyInitialise/PriceRequest.cs
KSS.PriceNet.Batch.StrategyInitialise/Properties/AssemblyInfo.cs
KSS.PriceNet.Batch.StrategyInitialise/app.config
KSS.PriceNet.Batch.TimeZones/KSS.PriceNet.Batch.TimeZones.csproj
KSS.PriceNet.Batch.TimeZones/PriceNet.snk
KSS.PriceNet.Batch.TimeZones/Process.cs
KSS.PriceNet.Batch.TimeZones/Properties/AssemblyInfo.cs
KSS.PriceNet.Batch.TimeZones/app.config
KSS.PriceNet.Batch.Transports.CommonTransport/CommonTransport.cs
KSS.PriceNet.Batch.Transports.CommonTransport/CommonTransportHandler.cs
KSS.PriceNet.Batch.Transports.CommonTransport/KSS.PriceNet.Batch.Transports.CommonTransport.csproj
KSS.PriceNet.Batch.Transports.CommonTransport/Properties/AssemblyInfo.cs
KSS.PriceNet.Batch.Transports.CommonTransport/app.config
KSS.PriceNet.Batch.Transports.EMail/KSS.PriceNet.Batch.Transports.EMail.csproj
KSS.PriceNet.Batch.Transports.EMail/Properties/AssemblyInfo.cs
KSS.PriceNet.Batch.Transports.EMail/ProposedPrices.cs
KSS.PriceNet.Batch.Transports.EMail/Sender.cs
KSS.PriceNet.Batch.Transports.EMail/app.config
KSS.PriceNet.Batch.Transports.FTP/FTP.cs
KSS.PriceNet.Batch.Transports.FTP/KSS.PriceNet.Batch.Transports.FTP.csproj
KSS.PriceNet.Batch.Transports.FTP/Properties/AssemblyInfo.cs
KSS.PriceNet.Batch.Transports.FTP/Sender.cs
KSS.PriceNet.Batch.Transports.FTP/app.config
KSS.PriceNet.Batch.Transports.FTP/packages.config
KSS.PriceNet.Batch.Transports.Fax/KSS.PriceNet.Batch.Transports.Fax.csproj
KSS.PriceNet.Batch.Transports.Fax/Properties/AssemblyInfo.cs
KSS.PriceNet.Batch.Transports.Fax/ProposedPrices.cs
KSS.PriceNet.Batch.Transports.Fax/Sender.cs
KSS.PriceNet.Batch.Transports.Fax/app.config
KSS.PriceNet.Batch.Transports.File/KSS.PriceNet.Batch.Transports.File.csproj
KSS.PriceNet.Batch.Transports.File/Properties/AssemblyInfo.cs
KSS.PriceNet.Batch.Transports.File/Sender.cs
KSS.PriceNet.Batch.Transports.File/app.config
KSS.PriceNet.Batch.Transports.MSMQ/KSS.PriceNet.Batch.Transports.MSMQ.csproj
KSS.PriceNet.Batch.Transports.MSMQ/Properties/AssemblyInfo.cs
KSS.PriceNet.Batch.Transports.MSMQ/Sender.cs
KSS.PriceNet.Batch.Transports.MSMQ/app.config
KSS.PriceNet.Batch.Transports.SMS/KSS.PriceNet.Batch.Transports.SMS.csproj
KSS.PriceNet.Batch.Transports.SMS/Properties/AssemblyInfo.cs
KSS.PriceNet.Batch.Transports.SMS/ProposedPrices.cs
KSS.PriceNet.Batch.Transports.SMS/Sender.cs
KSS.PriceNet.Batch.Transports.SMS/app.config
KSS.PriceNet.Batch.Transports.TransportHandler/Flush.cs
KSS.PriceNet.Batch.Transports.TransportHandler/ITransport.cs
KSS.PriceNet.Batch.Transports.TransportHandler/KSS.PriceNet.Batch.Transports.csproj
KSS.PriceNet.Batch.Transports.TransportHandler/PriceNet.snk
KSS.PriceNet.Batch.Transports.TransportHandler/Properties/AssemblyInfo.cs
KSS.PriceNet.Batch.Transports.TransportHandler/SendQueueItem.cs
KSS.PriceNet.Batch.Transports.TransportHandler/TransportHandler.cs
KSS.PriceNet.Batch.Transports.TransportHandler/TransportInfo.cs
KSS.PriceNet.Batch.Transports.TransportHandler/app.config
KSS.PriceNet.Batch.Transports.WebAPI/KSS.PriceNet.Batch.Transports.WebAPI.csproj
KSS.PriceNet.Batch.Transports.WebAPI/Properties/AssemblyInfo.cs
KSS.PriceNet.Batch.Transports.WebAPI/Sender.cs
KSS.PriceNet.Batch.Transports.WebAPI/app.config
KSS.PriceNet.Batch.Transports.WebAPI/packages.config
KSS.PriceNet.Batch.WaitingRoomBattle/KSS.PriceNet.Batch.WaitingRoomBattle.csproj
KSS.PriceNet.Batch.WaitingRoomBattle/PriceNet.snk
KSS.PriceNet.Batch.WaitingRoomBattle/Properties/AssemblyInfo.cs
KSS.PriceNet.Batch.WaitingRoomBattle/WaitingRoomBattle.cs
KSS.PriceNet.Batch.WaitingRoomBattle/app.config
KSS.PriceNet.Batch.WarehouseTransfer/KSS.PriceNet.Batch.WarehouseTransfer.BLL.csproj
KSS.PriceNet.Batch/Batch.cs
KSS.PriceNet.Batch/BatchCommon.cs
KSS.PriceNet.Batch/BatchCommonBase.cs
KSS.PriceNet.Batch/BatchCommonWrapper.cs
KSS.PriceNet.Batch/BatchStepDataLogger.cs
KSS.PriceNet.Batch/ITimeLogger.cs
KSS.PriceNet.Batch/KSS.PriceNet.Batch.csproj
KSS.PriceNet.Batch/PriceNet.snk
KSS.PriceNet.Batch/Properties/AssemblyInfo.cs
KSS.PriceNet.Batch/TimeLogger.cs
KSS.PriceNet.Batch/app.config
KSS.PriceNet.Batch/packages.config
KSS.PriceNet.BatchApp/App.config
KSS.PriceNet.BatchApp/BatchWorker.cs
KSS.PriceNet.BatchApp/KSS.PriceNet.BatchApp.csproj
KSS.PriceNet.BatchApp/PriceNet.snk
KSS.PriceNet.BatchApp/Program.cs
KSS.PriceNet.BatchApp/Properties/AssemblyInfo.cs
KSS.PriceNet.BatchApp/Startup.cs
KSS.PriceNet.BatchApp/packages.config
KSS.PriceNet.ExportUtility/CSVColumn.cs
KSS.PriceNet.ExportUtility/CSVSettings.cs
KSS.PriceNet.ExportUtility/DataChannelSettings.cs
KSS.PriceNet.ExportUtility/Export.cs
KSS.PriceNet.ExportUtility/KSS.PriceNet.ExportUtility.csproj
KSS.PriceNet.ExportUtility/Properties/AssemblyInfo.cs
KSS.PriceNet.ExportUtility/app.config
KSS.PriceNet.ExportUtility/packages.config
KSS.PriceNet.Globalisation/KSS.PriceNet.Globalisation.csproj
KSS.PriceNet.Globalisation/Language.cs
KSS.PriceNet.Globalisation/MailHelper.cs
KSS.PriceNet.Globalisation/PriceNet.snk
KSS.PriceNet.Globalisation/PriceNetMailResources.Designer.cs
KSS.PriceNet.Globalisation/PriceNetMailResources.resx
KSS.PriceNet.Globalisation/PriceNetResources-de-DE.xml
KSS.PriceNet.Globalisation/PriceNetResources-en-GB.xml
KSS.PriceNet.Globalisation/PriceNetResources-en-US.xml
KSS.PriceNet.Globalisation/PriceNetResources-es-ES.xml
KSS.PriceNet.Globalisation/PriceNetResources-fr-CA.xml
KSS.PriceNet.Globalisation/PriceNetResources-zh-CN.xml
KSS.PriceNet.Globalisation/PriceNetResources.Designer.cs
KSS.PriceNet.Globalisation/PriceNetResources.de-DE.resx
KSS.PriceNet.Globalisation/PriceNetResources.en-GB.resx
KSS.PriceNet.Globalisation/PriceNetResources.en-US.resx
KSS.PriceNet.Globalisation/PriceNetResources.es-ES.resx
KSS.PriceNet.Globalisation/PriceNetResources.fr-CA.resx
KSS.PriceNet.Globalisation/PriceNetResources.resx
KSS.PriceNet.Globalisation/PriceNetResources.zh-CN.resx
KSS.PriceNet.Globalisation/Properties/AssemblyInfo.cs
KSS.PriceNet.Globalisation/Resources/footer.JPG
KSS.PriceNet.Globalisation/Resources/header.JPG
KSS.PriceNet.Globalisation/Translator.cs
KSS.PriceNet.Globalisation/TranslatorFactory.cs
KSS.PriceNet.Globalisation/TranslatorFactoryBase.cs
KSS.PriceNet.Optimisation/Compile.bat
KSS.PriceNet.Optimisation/KSS.PriceNet.Optimisation.csproj
KSS.PriceNet.Optimisation/KSS.PriceNet.Optimisation.sln
KSS.PriceNet.Optimisation/KSS.PriceNet.Optimisation.x64.csproj
KSS.PriceNet.Optimisation/Optimisation.cs
KSS.PriceNet.Optimisation/PriceNet.snk
KSS.PriceNet.Optimisation/Product.cs
KSS.PriceNet.Optimisation/ProductGroup.cs
KSS.PriceNet.Optimisation/Properties/AssemblyInfo.cs
KSS.PriceNet.Optimisation/app.config
KSS.PriceNet.Parameterisation.BLL/Compile.bat
KSS.PriceNet.Parameterisation.BLL/KSS.PriceNet.Parameterisation.BLL.csproj
KSS.PriceNet.Parameterisation.BLL/KSS.PriceNet.Parameterisation.BLL.x64.csproj
KSS.PriceNet.Parameterisation.BLL/Parameterisation.cs
KSS.PriceNet.Parameterisation.BLL/PriceNet.snk
KSS.PriceNet.Parameterisation.BLL/Properties/AssemblyInfo.cs
KSS.PriceNet.Parameterisation.BLL/app.config
KSS.PriceNet.Parameterisation.IDAL/IParameterisation.cs
KSS.PriceNet.Parameterisation.IDAL/KSS.PriceNet.Parameterisation.IDAL.csproj
KSS.PriceNet.Parameterisation.IDAL/PriceNet.snk
KSS.PriceNet.Parameterisation.IDAL/Properties/AssemblyInfo.cs
KSS.PriceNet.Parameterisation.SQLServerDAL/KSS.PriceNet.Parameterisation.SQLServerDAL.csproj
KSS.PriceNet.Parameterisation.SQLServerDAL/Parameterisation.cs
KSS.PriceNet.Parameterisation.SQLServerDAL/PriceNet.snk
KSS.PriceNet.Parameterisation.SQLServerDAL/Properties/AssemblyInfo.cs
KSS.PriceNet.Parameterisation.SQLServerDAL/app.config
KSS.PriceNet.PriceGeneration.BLL/GlobalSuppressions.cs
KSS.PriceNet.PriceGeneration.BLL/KSS.PriceNet.PriceGeneration.BLL.csproj
KSS.PriceNet.PriceGeneration.BLL/PriceGenerator.cs
KSS.PriceNet.PriceGeneration.BLL/PriceNet.snk
KSS.PriceNet.PriceGeneration.BLL/Properties/AssemblyInfo.cs
KSS.PriceNet.PriceGeneration.BLL/SFRCountChecker.cs
KSS.PriceNet.PriceGeneration.BLL/app.config
KSS.PriceNet.PriceGeneration.BattleRulesLibrary/KSS.PriceNet.PriceGeneration.BattleRulesLibrary.csproj
KSS.PriceNet.PriceGeneration.BattleRulesLibrary/PriceNet.snk
KSS.PriceNet.PriceGeneration.BattleRulesLibrary/Properties/AssemblyInfo.cs
KSS.PriceNet.PriceGeneration.BattleRulesLibrary/SFRBattleRule0.cs
KSS.PriceNet.PriceGeneration.BattleRulesLibrary/SFRBattleRule1.cs
KSS.PriceNet.PriceGeneration.BattleRulesLibrary/SFRBattleRule2.cs
KSS.PriceNet.PriceGeneration.BattleRulesLibrary/SFRBattleRule3.cs
KSS.PriceNet.PriceGeneration.BattleRulesLibrary/SFRBattleRule4.cs
KSS.PriceNet.PriceGeneration.BattleRulesLibrary/SFRBattleRule5.cs
KSS.PriceNet.PriceGeneration.BattleRulesLibrary/WRBattleRule0.cs
KSS.PriceNet.PriceGeneration.BattleRulesLibrary/WRBattleRule1.cs
KSS.PriceNet.PriceGeneration.BattleRulesLibrary/WRBattleRule2.cs
KSS.PriceNet.PriceGeneration.BattleRulesLibrary/WRBattleRule3.cs
KSS.PriceNet.PriceGeneration.BattleRulesLibrary/WRBattleRule4.cs
KSS.PriceNet.PriceGeneration.BattleRulesLibrary/WRBattleRule5.cs
KSS.PriceNet.PriceGeneration.BattleRulesLibrary/app.config
KSS.PriceNet.PriceGeneration.DataFunctions/AverageCOCOPrice.cs
KSS.PriceNet.PriceGeneration.DataFunctions/CompetitorIncreaseCount.cs
KSS.PriceNet.PriceGeneration.DataFunctions/CreatePDPriceRequest.cs
KSS.PriceNet.PriceGeneration.DataFunctions/GetDealerData.cs
KSS.PriceNet.PriceGeneration.DataFunctions/GetFormulaCalculationData.cs
KSS.PriceNet.PriceGeneration.DataFunctions/GetMarginShareConfig.cs
KSS.PriceNet.PriceGeneration.DataFunctions/GetNotionalStreetPriceForPriceRequest.cs
KSS.PriceNet.PriceGeneration.DataFunctions/GetPriceImpactRecommendedPrices.cs
KSS.PriceNet.PriceGeneration.DataFunctions/GetProjectedVolume.cs
KSS.PriceNet.PriceGeneration.DataFunctions/GetPromotions.cs
KSS.PriceNet.PriceGeneration.DataFunctions/GetTotalDealerTaxes.cs
KSS.PriceNet.PriceGeneration.DataFunctions/IDataFunction.cs
KSS.PriceNet.PriceGeneration.DataFunctions/IDataReader.cs
KSS.PriceNet.PriceGeneration.DataFunctions/ImportError.cs
KSS.PriceNet.PriceGeneration.DataFunctions/KSS.PriceNet.PriceGeneration.DataFunctions.csproj
KSS.PriceNet.PriceGeneration.DataFunctions/LastGPC.cs
KSS.PriceNet.PriceGeneration.DataFunctions/LeadSitePrices.cs
KSS.PriceNet.PriceGeneration.DataFunctions/LowestCOCOPrice.cs
KSS.PriceNet.PriceGeneration.DataFunctions/MaintainMarginValues.cs
KSS.PriceNet.PriceGeneration.DataFunctions/MondayPrices.cs
KSS.PriceNet.PriceGeneration.DataFunctions/PlanData.cs
KSS.PriceNet.PriceGeneration.DataFunctions/PriceNet.snk
KSS.PriceNet.PriceGeneration.DataFunctions/Properties/AssemblyInfo.cs
KSS.PriceNet.PriceGeneration.DataFunctions/Read.cs
KSS.PriceNet.PriceGeneration.DataFunctions/RecentPriceMovement.cs
KSS.PriceNet.PriceGeneration.DataFunctions/Restoration.cs
KSS.PriceNet.PriceGeneration.DataFunctions/StateOfEmergency.cs
KSS.PriceNet.PriceGeneration.DataFunctions/TodaysPrices.cs
KSS.PriceNet.PriceGeneration.DataFunctions/WriteSitePriority.cs
KSS.PriceNet.PriceGeneration.DataFunctions/app.config
KSS.PriceNet.PriceGeneration.DataStructures/AltExportNote.cs
KSS.PriceNet.PriceGeneration.DataStructures/AuditXML.cs
KSS.PriceNet.PriceGeneration.DataStructures/Brand.cs
KSS.PriceNet.PriceGeneration.DataStructures/CardDiscount.cs
KSS.PriceNet.PriceGeneration.DataStructures/CompetitorGroup.cs
KSS.PriceNet.PriceGeneration.DataStructures/CompetitorMargin.cs
KSS.PriceNet.PriceGeneration.DataStructures/CompetitorPrice.cs
KSS.PriceNet.PriceGeneration.DataStructures/ConfigurationSetting.cs
KSS.PriceNet.PriceGeneration.DataStructures/Contract.cs
KSS.PriceNet.PriceGeneration.DataStructures/ContractParameter.cs
KSS.PriceNet.PriceGeneration.DataStructures/ContractValue.cs
KSS.PriceNet.PriceGeneration.DataStructures/CostBreakdown.cs
KSS.PriceNet.PriceGeneration.DataStructures/CrossEffect.cs
KSS.PriceNet.PriceGeneration.DataStructures/DataWriter.cs
KSS.PriceNet.PriceGeneration.DataStructures/DataWriterParameter.cs
KSS.PriceNet.PriceGeneration.DataStructures/DayCost.cs
KSS.PriceNet.PriceGeneration.DataStructures/DealerTradeAreaProductMarginShare.cs
KSS.PriceNet.PriceGeneration.DataStructures/DealerTrustCategory.cs
KSS.PriceNet.PriceGeneration.DataStructures/Differential.cs
KSS.PriceNet.PriceGeneration.DataStructures/Event.cs
KSS.PriceNet.PriceGeneration.DataStructures/ExportNote.cs
KSS.PriceNet.PriceGeneration.DataStructures/ExtendedProperty.cs
KSS.PriceNet.PriceGeneration.DataStructures/FollowProductOffset.cs
KSS.PriceNet.PriceGeneration.DataStructures/GPCCompetitorResponse.cs
KSS.PriceNet.PriceGeneration.DataStructures/GeneralPriceChange.cs
KSS.PriceNet.PriceGeneration.DataStructures/GeneralPriceChangeProduct.cs
KSS.PriceNet.PriceGeneration.DataStructures/HistoryItem.cs
KSS.PriceNet.PriceGeneration.DataStructures/IBattleRule.cs
KSS.PriceNet.PriceGeneration.DataStructures/IRule.cs
KSS.PriceNet.PriceGeneration.DataStructures/KSS.PriceNet.PriceGeneration.DataStructures.csproj
KSS.PriceNet.PriceGeneration.DataStructures/LeadFollowRelation.cs
KSS.PriceNet.PriceGeneration.DataStructures/LeadSitePrice.cs
KSS.PriceNet.PriceGeneration.DataStructures/ListPriceCompetitor.cs
KSS.PriceNet.PriceGeneration.DataStructures/LocalMarketRelation.cs
KSS.PriceNet.PriceGeneration.DataStructures/MarginShareConfig.cs
KSS.PriceNet.PriceGeneration.DataStructures/MotorwayPricingResult.cs
KSS.PriceNet.PriceGeneration.DataStructures/Note.cs
KSS.PriceNet.PriceGeneration.DataStructures/OwnProduct.cs
KSS.PriceNet.PriceGeneration.DataStructures/OwnSite.cs
KSS.PriceNet.PriceGeneration.DataStructures/PDPrice.cs
KSS.PriceNet.PriceGeneration.DataStructures/ParentPrice.cs
KSS.PriceNet.PriceGeneration.DataStructures/PriceImpactRecommendedPrice.cs
KSS.PriceNet.PriceGeneration.DataStructures/PriceMovement.cs
KSS.PriceNet.PriceGeneration.DataStructures/PriceNet.snk
KSS.PriceNet.PriceGeneration.DataStructures/PriceOverride.cs
KSS.PriceNet.PriceGeneration.DataStructures/PricePoint.cs
KSS.PriceNet.PriceGeneration.DataStructures/PriceRequest.cs
KSS.PriceNet.PriceGeneration.DataStructures/PriceRequestProduct.cs
KSS.PriceNet.PriceGeneration.DataStructures/PricingProfile.cs
KSS.PriceNet.PriceGeneration.DataStructures/Product.cs
KSS.PriceNet.PriceGeneration.DataStructures/ProductGroup.cs
KSS.PriceNet.PriceGeneration.DataStructures/ProductGroupRelationCategory.cs
KSS.PriceNet.PriceGeneration.DataStructures/ProjectedVolume.cs
KSS.PriceNet.PriceGeneration.DataStructures/Promotion.cs
KSS.PriceNet.PriceGeneration.DataStructures/Properties/AssemblyInfo.cs
KSS.PriceNet.PriceGeneration.DataStructures/Property.cs
KSS.PriceNet.PriceGeneration.DataStructures/ProposedPrice.cs
KSS.PriceNet.PriceGeneration.DataStructures/RestorationCompetitor.cs
KSS.PriceNet.PriceGeneration.DataStructures/RestorationCompetitorTrigger.cs
KSS.PriceNet.PriceGeneration.DataStructures/RestorationInstance.cs
KSS.PriceNet.PriceGeneration.DataStructures/Rule.cs
KSS.PriceNet.PriceGeneration.DataStructures/RuleParameter.cs
KSS.PriceNet.PriceGeneration.DataStructures/RuleProperty.cs
KSS.PriceNet.PriceGeneration.DataStructures/SFRBattleItem.cs
KSS.PriceNet.PriceGeneration.DataStructures/SFROverrideMatrixItem.cs
KSS.PriceNet.PriceGeneration.DataStructures/SitePriority.cs
KSS.PriceNet.PriceGeneration.DataStructures/SourcePrice.cs
KSS.PriceNet.PriceGeneration.DataStructures/Stage.cs
KSS.PriceNet.PriceGeneration.DataStructures/Strategy.cs
KSS.PriceNet.PriceGeneration.DataStructures/StrategyMatrixItem.cs
KSS.PriceNet.PriceGeneration.DataStructures/TriggerCompetitor.cs
KSS.PriceNet.PriceGeneration.DataStructures/WaitingRoomBattleItem.cs
KSS.PriceNet.PriceGeneration.DataStructures/XGPC.cs
KSS.PriceNet.PriceGeneration.DataStructures/app.config
KSS.PriceNet.PriceGeneration.IDAL/IPriceGenerationDAL.cs
KSS.PriceNet.PriceGeneration.IDAL/KSS.PriceNet.PriceGeneration.IDAL.csproj
KSS.PriceNet.PriceGeneration.IDAL/PriceNet.snk
KSS.PriceNet.PriceGeneration.IDAL/Properties/AssemblyInfo.cs
KSS.PriceNet.PriceGeneration.IDAL/app.config
KSS.PriceNet.PriceGeneration.PriceBattle/Battling.cs
KSS.PriceNet.PriceGeneration.PriceBattle/KSS.PriceNet.PriceGeneration.PriceBattle.csproj
KSS.PriceNet.PriceGeneration.PriceBattle/PriceNet.snk
KSS.PriceNet.PriceGeneration.PriceBattle/Properties/AssemblyInfo.cs
KSS.PriceNet.PriceGeneration.PriceBattle/app.config
KSS.PriceNet.PriceGeneration.RulesLibrary/ContrainedPriceRounder.cs
KSS.PriceNet.PriceGeneration.RulesLibrary/DATAREADINGTESTRULE.cs
KSS.PriceNet.PriceGeneration.RulesLibrary/KSS.PriceNet.PriceGeneration.RulesLibrary.csproj
KSS.PriceNet.PriceGeneration.RulesLibrary/NoPricingOnZeroRule.cs
KSS.PriceNet.PriceGeneration.RulesLibrary/PriceNet.snk
KSS.PriceNet.PriceGeneration.RulesLibrary/ProductGroup_Management_PublishedPriceAge.cs
KSS.PriceNet.PriceGeneration.RulesLibrary/ProductGroup_PriceAmend_AlternativeGradeSpread.cs
KSS.PriceNet.PriceGeneration.RulesLibrary/ProductGroup_PriceAmend_BelowLowestCompetitor.cs
KSS.PriceNet.PriceGeneration.RulesLibrary/ProductGroup_PriceAmend_DontPriceAboveHighestCompetitorProduct.cs
KSS.PriceNet.PriceGeneration.RulesLibrary/ProductGroup_PriceAmend_EnforceGradeDifferentials.cs
KSS.PriceNet.PriceGeneration.RulesLibrary/ProductGroup_PriceAmend_EnforcePriceLimits.cs
KSS.PriceNet.PriceGeneration.RulesLibrary/ProductGroup_PriceAmend_FollowProductsOffset.cs
KSS.PriceNet.PriceGeneration.RulesLibrary/ProductGroup_PriceAmend_GradeSpread.cs
KSS.PriceNet.PriceGeneration.RulesLibrary/ProductGroup_PriceAmend_MaintainGradeSpreads.cs
KSS.PriceNet.PriceGeneration.RulesLibrary/ProductGroup_PriceAmend_MaintainLeadPrice.cs
KSS.PriceNet.PriceGeneration.RulesLibrary/ProductGroup_PriceAmend_PreventPriceIncrease.cs
KSS.PriceNet.PriceGeneration.RulesLibrary/ProductGroup_PriceAmend_Restorations.cs
KSS.PriceNet.PriceGeneration.RulesLibrary/ProductGroup_PriceAmend_TimeAdjustment.cs
KSS.PriceNet.PriceGeneration.RulesLibrary/ProductGroup_PriceAmend_TimeRestrictedMovement.cs
KSS.PriceNet.PriceGeneration.RulesLibrary/ProductGroup_PriceAmend_VolatilityHandling.cs
KSS.PriceNet.PriceGeneration.RulesLibrary/ProductGroup_PriceGen_GeneralPriceChange.cs
KSS.PriceNet.PriceGeneration.RulesLibrary/ProductGroup_PriceGen_LPPPlusOffset.cs
KSS.PriceNet.PriceGeneration.RulesLibrary/ProductGroup_PriceGen_LeadFollowPricing.cs
KSS.PriceNet.PriceGeneration.RulesLibrary/ProductGroup_PriceGen_ManualPricing.cs
KSS.PriceNet.PriceGeneration.RulesLibrary/ProductGroup_PriceGen_MatchMainMarkerWithOffsetAndPsychPricing.cs
KSS.PriceNet.PriceGeneration.RulesLibrary/ProductGroup_PriceGen_MatchSubmittedCompetitorPricingWithOffset.cs
KSS.PriceNet.PriceGeneration.RulesLibrary/ProductGroup_PriceGen_MotorwayPricing.cs
KSS.PriceNet.PriceGeneration.RulesLibrary/ProductGroup_PriceGen_Optimisation.cs
KSS.PriceNet.PriceGeneration.RulesLibrary/ProductGroup_PriceGen_PromotionPricing.cs
KSS.PriceNet.PriceGeneration.RulesLibrary/ProductGroup_PriceGen_Ranking.cs
KSS.PriceNet.PriceGeneration.RulesLibrary/ProductGroup_PriceGen_SystemPricing.cs
KSS.PriceNet.PriceGeneration.RulesLibrary/ProductGroup_Validation_AllProductsInStock.cs
KSS.PriceNet.PriceGeneration.RulesLibrary/ProductGroup_Validation_AllowOptimiseCheck.cs
KSS.PriceNet.PriceGeneration.RulesLibrary/ProductGroup_Validation_AutoImplement.cs
KSS.PriceNet.PriceGeneration.RulesLibrary/ProductGroup_Validation_CompetitorPriceAge.cs
KSS.PriceNet.PriceGeneration.RulesLibrary/ProductGroup_Validation_DealerHasTrustedSource.cs
KSS.PriceNet.PriceGeneration.RulesLibrary/ProductGroup_Validation_DealerTrustedSourceYZ.cs
KSS.PriceNet.PriceGeneration.RulesLibrary/ProductGroup_Validation_GrossMarginLessThanXOrGreaterThanY.cs
KSS.PriceNet.PriceGeneration.RulesLibrary/ProductGroup_Validation_InvalidateAllPricesIfOneIsInvalid.cs
KSS.PriceNet.PriceGeneration.RulesLibrary/ProductGroup_Validation_MaximumPriceMovement.cs
KSS.PriceNet.PriceGeneration.RulesLibrary/ProductGroup_Validation_MinimumMargin.cs
KSS.PriceNet.PriceGeneration.RulesLibrary/ProductGroup_Validation_PMIAutoChange.cs
KSS.PriceNet.PriceGeneration.RulesLibrary/ProductGroup_Validation_PriceLimits.cs
KSS.PriceNet.PriceGeneration.RulesLibrary/ProductGroup_Validation_PublishedPrice.cs
KSS.PriceNet.PriceGeneration.RulesLibrary/ProductGroup_Validation_RejectUnchangedPrices.cs
KSS.PriceNet.PriceGeneration.RulesLibrary/ProductGroup_Validation_RestPriceLimits.cs
KSS.PriceNet.PriceGeneration.RulesLibrary/ProductGroup_Validation_StrategyValidation.cs
KSS.PriceNet.PriceGeneration.RulesLibrary/ProductGroup_Validation_ValidateProjectedVolume.cs
KSS.PriceNet.PriceGeneration.RulesLibrary/Product_Management_PriceDisparityCheck.cs
KSS.PriceNet.PriceGeneration.RulesLibrary/Product_Management_PumpPriceDiffersFromProposedPrice.cs
KSS.PriceNet.PriceGeneration.RulesLibrary/Product_PriceAmend_AlternativeMinimumMargin.cs
KSS.PriceNet.PriceGeneration.RulesLibrary/Product_PriceAmend_BelowLowestCompetitor.cs
KSS.PriceNet.PriceGeneration.RulesLibrary/Product_PriceAmend_BrandDiscount.cs
KSS.PriceNet.PriceGeneration.RulesLibrary/Product_PriceAmend_CompanyMarginLessThanXOrGreaterThanY.cs
KSS.PriceNet.PriceGeneration.RulesLibrary/Product_PriceAmend_DealerMarginLessThanXOrGreaterThanY.cs
KSS.PriceNet.PriceGeneration.RulesLibrary/Product_PriceAmend_DefinedOffset.cs
KSS.PriceNet.PriceGeneration.RulesLibrary/Product_PriceAmend_DontPriceAboveHighestCompetitorProduct.cs
KSS.PriceNet.PriceGeneration.RulesLibrary/Product_PriceAmend_DontPriceOverSpecifiedCompetitors.cs
KSS.PriceNet.PriceGeneration.RulesLibrary/Product_PriceAmend_EnforcePriceLimits.cs
KSS.PriceNet.PriceGeneration.RulesLibrary/Product_PriceAmend_FollowFixedDifferential.cs
KSS.PriceNet.PriceGeneration.RulesLibrary/Product_PriceAmend_ImpliedDealerMargin.cs
KSS.PriceNet.PriceGeneration.RulesLibrary/Product_PriceAmend_MarginAmendment.cs
KSS.PriceNet.PriceGeneration.RulesLibrary/Product_PriceAmend_MarginShare.cs
KSS.PriceNet.PriceGeneration.RulesLibrary/Product_PriceAmend_MaxDecrementPriceWar.cs
KSS.PriceNet.PriceGeneration.RulesLibrary/Product_PriceAmend_MinimumPrice.cs
KSS.PriceNet.PriceGeneration.RulesLibrary/Product_PriceAmend_NoPricingOnZero.cs
KSS.PriceNet.PriceGeneration.RulesLibrary/Product_PriceAmend_PriceLimitsAdjustment.cs
KSS.PriceNet.PriceGeneration.RulesLibrary/Product_PriceAmend_RemoveDealerTaxes.cs
KSS.PriceNet.PriceGeneration.RulesLibrary/Product_PriceAmend_TargetMargin.cs
KSS.PriceNet.PriceGeneration.RulesLibrary/Product_PriceAmend_UnconstrainedPriceRounding.cs
KSS.PriceNet.PriceGeneration.RulesLibrary/Product_PriceAmend_VolatilityHandling.cs
KSS.PriceNet.PriceGeneration.RulesLibrary/Product_PriceGen_CurrentPumpPrice.cs
KSS.PriceNet.PriceGeneration.RulesLibrary/Product_PriceGen_DealerPricing.cs
KSS.PriceNet.PriceGeneration.RulesLibrary/Product_PriceGen_FixedMargin.cs
KSS.PriceNet.PriceGeneration.RulesLibrary/Product_PriceGen_FollowFixedDifferential.cs
KSS.PriceNet.PriceGeneration.RulesLibrary/Product_PriceGen_IndustryZoneMargin.cs
KSS.PriceNet.PriceGeneration.RulesLibrary/Product_PriceGen_LastProposedPrice.cs
KSS.PriceNet.PriceGeneration.RulesLibrary/Product_PriceGen_LowestCompetitorWithDelta.cs
KSS.PriceNet.PriceGeneration.RulesLibrary/Product_PriceGen_LowestCompetitorWithDeltaAndDisparity .cs
KSS.PriceNet.PriceGeneration.RulesLibrary/Product_PriceGen_MaintainMargin.cs
KSS.PriceNet.PriceGeneration.RulesLibrary/Product_PriceGen_MarginShareVariable.cs
KSS.PriceNet.PriceGeneration.RulesLibrary/Product_PriceGen_MatchAverageCompetitorPrice .cs
KSS.PriceNet.PriceGeneration.RulesLibrary/Product_PriceGen_MatchDealerDTWGross.cs
KSS.PriceNet.PriceGeneration.RulesLibrary/Product_PriceGen_MatchHighestCompetitor.cs
KSS.PriceNet.PriceGeneration.RulesLibrary/Product_PriceGen_MatchLowestCompetitor.cs
KSS.PriceNet.PriceGeneration.RulesLibrary/Product_PriceGen_MatchLowestCompetitorWithDifferential.cs
KSS.PriceNet.PriceGeneration.RulesLibrary/Product_PriceGen_MatchLowestOfPrimaryAndSecondary.cs
KSS.PriceNet.PriceGeneration.RulesLibrary/Product_PriceGen_MatchLowestOnProjectedVolume.cs
KSS.PriceNet.PriceGeneration.RulesLibrary/Product_PriceGen_MatchLowestWithOffset.cs
KSS.PriceNet.PriceGeneration.RulesLibrary/Product_PriceGen_MatchMainMarker.cs
KSS.PriceNet.PriceGeneration.RulesLibrary/Product_PriceGen_MatchMainMarkerWithOffsetAndPsychPricing.cs
KSS.PriceNet.PriceGeneration.RulesLibrary/Product_PriceGen_MatchMidCompetitor.cs
KSS.PriceNet.PriceGeneration.RulesLibrary/Product_PriceGen_MatchSubmittedCompetitorPricingWithOffset.cs
KSS.PriceNet.PriceGeneration.RulesLibrary/Product_PriceGen_PriceByComparisonProduct.cs
KSS.PriceNet.PriceGeneration.RulesLibrary/Product_PriceGen_PriceImpactPrice.cs
KSS.PriceNet.PriceGeneration.RulesLibrary/Product_PriceGen_PriceOnPercentageOfOtherPrice.cs
KSS.PriceNet.PriceGeneration.RulesLibrary/Product_PriceGen_ReferencePrice.cs
KSS.PriceNet.PriceGeneration.RulesLibrary/Product_Validation_AllowOptimiseCheck.cs
KSS.PriceNet.PriceGeneration.RulesLibrary/Product_Validation_BreakEven.cs
KSS.PriceNet.PriceGeneration.RulesLibrary/Product_Validation_BreakEvenPercentage.cs
KSS.PriceNet.PriceGeneration.RulesLibrary/Product_Validation_CompanyMarginLessThanXOrGreaterThanY.cs
KSS.PriceNet.PriceGeneration.RulesLibrary/Product_Validation_CompetitorPriceOlderThanXDays.cs
KSS.PriceNet.PriceGeneration.RulesLibrary/Product_Validation_DTWvsLowestCOCOValidation.cs
KSS.PriceNet.PriceGeneration.RulesLibrary/Product_Validation_DealerCostToRetail.cs
KSS.PriceNet.PriceGeneration.RulesLibrary/Product_Validation_DealerDTWGrossValidation.cs
KSS.PriceNet.PriceGeneration.RulesLibrary/Product_Validation_DealerMarginLessThanXOrGreaterThanY.cs
KSS.PriceNet.PriceGeneration.RulesLibrary/Product_Validation_DontPriceOnSpecificValues.cs
KSS.PriceNet.PriceGeneration.RulesLibrary/Product_Validation_ForcePriceRoundingViaCurrentPrice.cs
KSS.PriceNet.PriceGeneration.RulesLibrary/Product_Validation_GrossMarginDiffersFromTAM.cs
KSS.PriceNet.PriceGeneration.RulesLibrary/Product_Validation_GrossMarginLessThanXOrGreaterThanY.cs
KSS.PriceNet.PriceGeneration.RulesLibrary/Product_Validation_InterDealerTradeAreaDifferentialValidation.cs
KSS.PriceNet.PriceGeneration.RulesLibrary/Product_Validation_ListPriceRange.cs
KSS.PriceNet.PriceGeneration.RulesLibrary/Product_Validation_MaximumPriceMovement.cs
KSS.PriceNet.PriceGeneration.RulesLibrary/Product_Validation_MinimumMargin.cs
KSS.PriceNet.PriceGeneration.RulesLibrary/Product_Validation_PriceDifferentials.cs
KSS.PriceNet.PriceGeneration.RulesLibrary/Product_Validation_PriceLimits.cs
KSS.PriceNet.PriceGeneration.RulesLibrary/Product_Validation_ProductStartEnd.cs
KSS.PriceNet.PriceGeneration.RulesLibrary/Product_Validation_ProposedEqualsZero.cs
KSS.PriceNet.PriceGeneration.RulesLibrary/Product_Validation_ReferencePrice.cs
KSS.PriceNet.PriceGeneration.RulesLibrary/Product_Validation_RestPriceLimits.cs
KSS.PriceNet.PriceGeneration.RulesLibrary/Product_Validation_ReviewCompetitorPriceMoves.cs
KSS.PriceNet.PriceGeneration.RulesLibrary/Product_Validation_ValidateCardPriceMargin.cs
KSS.PriceNet.PriceGeneration.RulesLibrary/Properties/AssemblyInfo.cs
KSS.PriceNet.PriceGeneration.RulesLibrary/RuleHelper.cs
KSS.PriceNet.PriceGeneration.RulesLibrary/RuleHelperBase.cs
KSS.PriceNet.PriceGeneration.RulesLibrary/RuleHelperWrapper.cs
KSS.PriceNet.PriceGeneration.RulesLibrary/Site_Management_CompetitorIncreaseCount.cs
KSS.PriceNet.PriceGeneration.RulesLibrary/Site_Management_MaximumCompetitorPriceMovement.cs
KSS.PriceNet.PriceGeneration.RulesLibrary/Site_Management_SFRCount.cs
KSS.PriceNet.PriceGeneration.RulesLibrary/Site_Management_VolumeLtOrGtPlannedVolumeByX.cs
KSS.PriceNet.PriceGeneration.RulesLibrary/Site_PriceAmend_NoPricingOnZero.cs
KSS.PriceNet.PriceGeneration.RulesLibrary/Site_PriceAmend_StateOfEmergency.cs
KSS.PriceNet.PriceGeneration.RulesLibrary/Site_PriceAmend_TimeDelay.cs
KSS.PriceNet.PriceGeneration.RulesLibrary/Site_PriceGen_ContractPrice.cs
KSS.PriceNet.PriceGeneration.RulesLibrary/Site_PriceGen_DealerPrice.cs
KSS.PriceNet.PriceGeneration.RulesLibrary/Site_PriceGen_Optimisation.cs
KSS.PriceNet.PriceGeneration.RulesLibrary/Site_Validation_AverageSiteMargin.cs
KSS.PriceNet.PriceGeneration.RulesLibrary/Site_Validation_BreakEven.cs
KSS.PriceNet.PriceGeneration.RulesLibrary/Site_Validation_ChangeToProductActiveStatus.cs
KSS.PriceNet.PriceGeneration.RulesLibrary/Site_Validation_CheckInternetCompetitors.cs
KSS.PriceNet.PriceGeneration.RulesLibrary/Site_Validation_CompetitorPriceMoveGreaterThanX.cs
KSS.PriceNet.PriceGeneration.RulesLibrary/Site_Validation_CompetitorPriceOlderThanXDays.cs
KSS.PriceNet.PriceGeneration.RulesLibrary/Site_Validation_ContractExpiryCheck.cs
KSS.PriceNet.PriceGeneration.RulesLibrary/Site_Validation_FrequencyPricing.cs
KSS.PriceNet.PriceGeneration.RulesLibrary/Site_Validation_GrossMarginLessThanXOrGreaterThanY.cs
KSS.PriceNet.PriceGeneration.RulesLibrary/Site_Validation_ImportErrorCheck.cs
KSS.PriceNet.PriceGeneration.RulesLibrary/Site_Validation_InvalidateAll.cs
KSS.PriceNet.PriceGeneration.RulesLibrary/Site_Validation_LastProposedPrice.cs
KSS.PriceNet.PriceGeneration.RulesLibrary/Site_Validation_ReduceSitePriority.cs
KSS.PriceNet.PriceGeneration.RulesLibrary/Site_Validation_RestPriceLimits.cs
KSS.PriceNet.PriceGeneration.RulesLibrary/Site_Validation_SOEVariance.cs
KSS.PriceNet.PriceGeneration.RulesLibrary/Site_Validation_SiteOperational.cs
KSS.PriceNet.PriceGeneration.RulesLibrary/Site_Validation_StateOfEmergency.cs
KSS.PriceNet.PriceGeneration.RulesLibrary/Site_Validation_TVAExpiryCheck.cs
KSS.PriceNet.PriceGeneration.RulesLibrary/VolatilityHandler.cs
KSS.PriceNet.PriceGeneration.RulesLibrary/app.config
KSS.PriceNet.PriceGeneration.SQLServerDAL/KSS.PriceNet.PriceGeneration.SQLServerDAL.csproj
KSS.PriceNet.PriceGeneration.SQLServerDAL/PriceGenerationDAL.cs
KSS.PriceNet.PriceGeneration.SQLServerDAL/PriceNet.snk
KSS.PriceNet.PriceGeneration.SQLServerDAL/Properties/AssemblyInfo.cs
KSS.PriceNet.PriceGeneration.SQLServerDAL/app.config
KSS.PriceNet.PriceGeneration.UnitTests/App.config
KSS.PriceNet.PriceGeneration.UnitTests/AuthoringTests.txt
KSS.PriceNet.PriceGeneration.UnitTests/KSS.PriceNet.PriceGeneration.UnitTests.csproj
KSS.PriceNet.PriceGeneration.UnitTests/PriceGenerationDALTest.cs
KSS.PriceNet.PriceGeneration.UnitTests/Properties/AssemblyInfo.cs
KSS.PriceNet.PriceGeneration.UnitTests/RecurrenceHelperTest.cs
KSS.PriceNet.PriceGeneration.UnitTests/packages.config
KSS.PriceNet.ProcessMonitor.BLL/KSS.PriceNet.ProcessMonitor.BLL.csproj
KSS.PriceNet.ProcessMonitor.BLL/PriceNet.snk
KSS.PriceNet.ProcessMonitor.BLL/ProcessMonitorHandler.cs
KSS.PriceNet.ProcessMonitor.BLL/Properties/AssemblyInfo.cs
KSS.PriceNet.ProcessMonitor.BLL/app.config
KSS.PriceNet.ProcessMonitor.BLL/packages.config
KSS.PriceNet.ProcessMonitor.IDAL/IProcessMonitorDAL.cs
KSS.PriceNet.ProcessMonitor.IDAL/KSS.PriceNet.ProcessMonitor.IDAL.csproj
KSS.PriceNet.ProcessMonitor.IDAL/PriceNet.snk
KSS.PriceNet.ProcessMonitor.IDAL/Properties/AssemblyInfo.cs
KSS.PriceNet.ProcessMonitor.SQLServerDAL/KSS.PriceNet.ProcessMonitor.SQLServerDAL.csproj
KSS.PriceNet.ProcessMonitor.SQLServerDAL/PriceNet.snk
KSS.PriceNet.ProcessMonitor.SQLServerDAL/ProcessMonitorDAL.cs
KSS.PriceNet.ProcessMonitor.SQLServerDAL/Properties/AssemblyInfo.cs
KSS.PriceNet.ProcessMonitor.SQLServerDAL/app.config
KSS.PriceNet.Shared.Authentication.Application/Applications.cs
KSS.PriceNet.Shared.Authentication.Application/IKSSApplication.cs
KSS.PriceNet.Shared.Authentication.Application/KMobile.cs
KSS.PriceNet.Shared.Authentication.Application/KSS.PriceNet.Shared.Authentication.Application.csproj
KSS.PriceNet.Shared.Authentication.Application/KSSApplication.cs
KSS.PriceNet.Shared.Authentication.Application/PriceNet.snk
KSS.PriceNet.Shared.Authentication.Application/PriceNetAdministrator.cs
KSS.PriceNet.Shared.Authentication.Application/PriceNetControlCentre.cs
KSS.PriceNet.Shared.Authentication.Application/PriceNetMaps.cs
KSS.PriceNet.Shared.Authentication.Application/PriceNetMobile.cs
KSS.PriceNet.Shared.Authentication.Application/PriceNetWeb.cs
KSS.PriceNet.Shared.Authentication.Application/PriceNetWorkbench.cs
KSS.PriceNet.Shared.Authentication.Application/Properties/AssemblyInfo.cs
KSS.PriceNet.Shared.Authentication.IDAL/IUserDAL.cs
KSS.PriceNet.Shared.Authentication.IDAL/KSS.PriceNet.Shared.Authentication.IDAL.csproj
KSS.PriceNet.Shared.Authentication.IDAL/PriceNet.snk
KSS.PriceNet.Shared.Authentication.IDAL/Properties/AssemblyInfo.cs
KSS.PriceNet.Shared.Authentication.SQLServerDAL/KSS.PriceNet.Shared.Authentication.SQLServerDAL.csproj
KSS.PriceNet.Shared.Authentication.SQLServerDAL/PriceNet.snk
KSS.PriceNet.Shared.Authentication.SQLServerDAL/Properties/AssemblyInfo.cs
KSS.PriceNet.Shared.Authentication.SQLServerDAL/UserDAL.cs
KSS.PriceNet.Shared.Authentication.SSO/AuthenticationMethods/AvailableAuthentication.cs
KSS.PriceNet.Shared.Authentication.SSO/AuthenticationMethods/AvailableAuthenticationModel.cs
KSS.PriceNet.Shared.Authentication.SSO/AuthenticationMethods/ExternalIDPModel.cs
KSS.PriceNet.Shared.Authentication.SSO/AuthenticationMethods/FormsModel.cs
KSS.PriceNet.Shared.Authentication.SSO/KSS.PriceNet.Shared.Authentication.SSO.csproj
KSS.PriceNet.Shared.Authentication.SSO/PriceNet.snk
KSS.PriceNet.Shared.Authentication.SSO/Properties/AssemblyInfo.cs
KSS.PriceNet.Shared.Authentication.SSO/SSOAuthenticator.cs
KSS.PriceNet.Shared.Authentication.SSO/packages.config
KSS.PriceNet.Shared.Authentication/Authenticator.cs
KSS.PriceNet.Shared.Authentication/AuthenticatorNonStatic.cs
KSS.PriceNet.Shared.Authentication/FormsAuthenticator.cs
KSS.PriceNet.Shared.Authentication/IAuthenticator.cs
KSS.PriceNet.Shared.Authentication/KSS.PriceNet.Shared.Authentication.csproj
KSS.PriceNet.Shared.Authentication/KSSUser.cs
KSS.PriceNet.Shared.Authentication/KSSUserHelper.cs
KSS.PriceNet.Shared.Authentication/PermissionLevel.cs
KSS.PriceNet.Shared.Authentication/PriceNet.snk
KSS.PriceNet.Shared.Authentication/Properties/AssemblyInfo.cs
KSS.PriceNet.Shared.Authentication/UserProfileFeature.cs
KSS.PriceNet.Shared.Authentication/UserSetting.cs
KSS.PriceNet.Shared.Authentication/UserSite.cs
KSS.PriceNet.Shared.Authentication/WebSealAuthenticator.cs
KSS.PriceNet.Shared.Authentication/WindowsAuthenticator.cs
KSS.PriceNet.Shared.Authentication/WindowsFormsAuthenticator.cs
KSS.PriceNet.Shared.Authentication/XmlAuthenticator.cs
KSS.PriceNet.Shared.Authentication/app.config
KSS.PriceNet.Shared.Authentication/packages.config
KSS.PriceNet.Shared.Common/CSSParser.cs
KSS.PriceNet.Shared.Common/CharacterEscapeLibrary.cs
KSS.PriceNet.Shared.Common/CryptoLibrary.cs
KSS.PriceNet.Shared.Common/DataRowBase.cs
KSS.PriceNet.Shared.Common/DataRowExtensions.cs
KSS.PriceNet.Shared.Common/DataRowWrapper.cs
KSS.PriceNet.Shared.Common/DataSetExtensions.cs
KSS.PriceNet.Shared.Common/DateTimeExtensions.cs
KSS.PriceNet.Shared.Common/EntityIdHelper.cs
KSS.PriceNet.Shared.Common/Enumerable.cs
KSS.PriceNet.Shared.Common/ExceptionUtil.cs
KSS.PriceNet.Shared.Common/FormatLibrary.cs
KSS.PriceNet.Shared.Common/HTMLUtil.cs
KSS.PriceNet.Shared.Common/HtmlControlExtensions.cs
KSS.PriceNet.Shared.Common/IConfigProvider.cs
KSS.PriceNet.Shared.Common/IPriceNetHttpSessionState.cs
KSS.PriceNet.Shared.Common/KSS.PriceNet.Shared.Common.csproj
KSS.PriceNet.Shared.Common/KSSDataType.cs
KSS.PriceNet.Shared.Common/KssCultureInfo.cs
KSS.PriceNet.Shared.Common/KssDateTime.cs
KSS.PriceNet.Shared.Common/KssDateTimeBase.cs
KSS.PriceNet.Shared.Common/KssDateTimeOffsetBase.cs
KSS.PriceNet.Shared.Common/KssDateTimeOffsetWrapper.cs
KSS.PriceNet.Shared.Common/KssDateTimeWrapper.cs
KSS.PriceNet.Shared.Common/Licensing.cs
KSS.PriceNet.Shared.Common/PageNames.cs
KSS.PriceNet.Shared.Common/PriceNet.snk
KSS.PriceNet.Shared.Common/PriceNetHttpSessionState.cs
KSS.PriceNet.Shared.Common/Properties/AssemblyInfo.cs
KSS.PriceNet.Shared.Common/Session.cs
KSS.PriceNet.Shared.Common/SessionConstants.cs
KSS.PriceNet.Shared.Common/SessionItemMissingException.cs
KSS.PriceNet.Shared.Common/SettingPersister.cs
KSS.PriceNet.Shared.Common/Stack.cs
KSS.PriceNet.Shared.Common/StringExtensions.cs
KSS.PriceNet.Shared.Common/TenantConfigWrapper.cs
KSS.PriceNet.Shared.Common/Trackable.cs
KSS.PriceNet.Shared.Common/XMLUtil.cs
KSS.PriceNet.Shared.Common/app.config
KSS.PriceNet.Shared.Common/packages.config
KSS.PriceNet.Shared.Communication/Communication.cs
KSS.PriceNet.Shared.Communication/CommunicationBase.cs
KSS.PriceNet.Shared.Communication/CommunicationWrapper.cs
KSS.PriceNet.Shared.Communication/KSS.PriceNet.Shared.Communication.csproj
KSS.PriceNet.Shared.Communication/PriceNet.snk
KSS.PriceNet.Shared.Communication/Properties/AssemblyInfo.cs
KSS.PriceNet.Shared.Contracts.Aral/CurrentCost.cs
KSS.PriceNet.Shared.Contracts.Aral/Discount.cs
KSS.PriceNet.Shared.Contracts.Aral/FixedCost.cs
KSS.PriceNet.Shared.Contracts.Aral/GrossMargin.cs
KSS.PriceNet.Shared.Contracts.Aral/KSS.PriceNet.Shared.Contracts.Aral.csproj
KSS.PriceNet.Shared.Contracts.Aral/Loss.cs
KSS.PriceNet.Shared.Contracts.Aral/Properties/AssemblyInfo.cs
KSS.PriceNet.Shared.Contracts.Aral/RCP.cs
KSS.PriceNet.Shared.Contracts.Aral/TargetMargin.cs
KSS.PriceNet.Shared.Contracts.Aral/TotalCost.cs
KSS.PriceNet.Shared.Contracts.Aral/VariableCost.cs
KSS.PriceNet.Shared.Contracts.Aral/app.config
KSS.PriceNet.Shared.Contracts.COCO/BEVMargin.cs
KSS.PriceNet.Shared.Contracts.COCO/BEVValue.cs
KSS.PriceNet.Shared.Contracts.COCO/CurrentCost.cs
KSS.PriceNet.Shared.Contracts.COCO/GrossMargin.cs
KSS.PriceNet.Shared.Contracts.COCO/KSS.PriceNet.Shared.Contracts.COCO.csproj
KSS.PriceNet.Shared.Contracts.COCO/PriceNet.snk
KSS.PriceNet.Shared.Contracts.COCO/PriceWarCost.cs
KSS.PriceNet.Shared.Contracts.COCO/Properties/AssemblyInfo.cs
KSS.PriceNet.Shared.Contracts.COCO/app.config
KSS.PriceNet.Shared.Contracts.COSTPLUS/ContractPrice.cs
KSS.PriceNet.Shared.Contracts.COSTPLUS/CurrentCompanyMargin.cs
KSS.PriceNet.Shared.Contracts.COSTPLUS/CurrentCost.cs
KSS.PriceNet.Shared.Contracts.COSTPLUS/CurrentDealerMargin.cs
KSS.PriceNet.Shared.Contracts.COSTPLUS/DealerCostToRetailPercentage.cs
KSS.PriceNet.Shared.Contracts.COSTPLUS/ImpliedDealerMargin.cs
KSS.PriceNet.Shared.Contracts.COSTPLUS/KSS.PriceNet.Shared.Contracts.COSTPLUS.csproj
KSS.PriceNet.Shared.Contracts.COSTPLUS/PriceNet.snk
KSS.PriceNet.Shared.Contracts.COSTPLUS/Properties/AssemblyInfo.cs
KSS.PriceNet.Shared.Contracts.COSTPLUS/ProposedCompanyMargin.cs
KSS.PriceNet.Shared.Contracts.COSTPLUS/ProposedDealerMargin.cs
KSS.PriceNet.Shared.Contracts.COSTPLUS/RetailPrice.cs
KSS.PriceNet.Shared.Contracts.COSTPLUS/app.config
KSS.PriceNet.Shared.Contracts.COSTPLUSEXTRA/ContractPrice.cs
KSS.PriceNet.Shared.Contracts.COSTPLUSEXTRA/CurrentCompanyMargin.cs
KSS.PriceNet.Shared.Contracts.COSTPLUSEXTRA/CurrentCost.cs
KSS.PriceNet.Shared.Contracts.COSTPLUSEXTRA/CurrentDealerGrossMargin.cs
KSS.PriceNet.Shared.Contracts.COSTPLUSEXTRA/CurrentDealerNetMargin.cs
KSS.PriceNet.Shared.Contracts.COSTPLUSEXTRA/DealerCostToRetailPercentage.cs
KSS.PriceNet.Shared.Contracts.COSTPLUSEXTRA/ImpliedDealerMargin.cs
KSS.PriceNet.Shared.Contracts.COSTPLUSEXTRA/KSS.PriceNet.Shared.Contracts.COSTPLUSEXTRA.csproj
KSS.PriceNet.Shared.Contracts.COSTPLUSEXTRA/Properties/AssemblyInfo.cs
KSS.PriceNet.Shared.Contracts.COSTPLUSEXTRA/ProposedCompanyMargin.cs
KSS.PriceNet.Shared.Contracts.COSTPLUSEXTRA/ProposedDealerGrossMargin.cs
KSS.PriceNet.Shared.Contracts.COSTPLUSEXTRA/ProposedDealerNetMargin.cs
KSS.PriceNet.Shared.Contracts.COSTPLUSEXTRA/RetailPrice.cs
KSS.PriceNet.Shared.Contracts.COSTPLUSEXTRA/app.config
KSS.PriceNet.Shared.Contracts.CPG/ContractPrice.cs
KSS.PriceNet.Shared.Contracts.CPG/CurrentCompanyMargin.cs
KSS.PriceNet.Shared.Contracts.CPG/CurrentCost.cs
KSS.PriceNet.Shared.Contracts.CPG/CurrentDealerGrossMargin.cs
KSS.PriceNet.Shared.Contracts.CPG/CurrentDealerNetMargin.cs
KSS.PriceNet.Shared.Contracts.CPG/DealerCostToRetailPercentage.cs
KSS.PriceNet.Shared.Contracts.CPG/ImpliedDealerMargin.cs
KSS.PriceNet.Shared.Contracts.CPG/KSS.PriceNet.Shared.Contracts.CPG.csproj
KSS.PriceNet.Shared.Contracts.CPG/Properties/AssemblyInfo.cs
KSS.PriceNet.Shared.Contracts.CPG/ProposedCompanyMargin.cs
KSS.PriceNet.Shared.Contracts.CPG/ProposedDealerGrossMargin.cs
KSS.PriceNet.Shared.Contracts.CPG/ProposedDealerNetMargin.cs
KSS.PriceNet.Shared.Contracts.CPG/RetailPrice.cs
KSS.PriceNet.Shared.Contracts.CPG/app.config
KSS.PriceNet.Shared.Contracts.DISA/CurrentCost.cs
KSS.PriceNet.Shared.Contracts.DISA/DTW.cs
KSS.PriceNet.Shared.Contracts.DISA/DifferenceMarginPercent.cs
KSS.PriceNet.Shared.Contracts.DISA/ExtraMargin.cs
KSS.PriceNet.Shared.Contracts.DISA/FixedMargin.cs
KSS.PriceNet.Shared.Contracts.DISA/KSS.PriceNet.Shared.Contracts.DISA.csproj
KSS.PriceNet.Shared.Contracts.DISA/Properties/AssemblyInfo.cs
KSS.PriceNet.Shared.Contracts.DISA/ReferencePrice.cs
KSS.PriceNet.Shared.Contracts.DISA/SignalPrice.cs
KSS.PriceNet.Shared.Contracts.DTW/ContractPrice.cs
KSS.PriceNet.Shared.Contracts.DTW/CurrentCompanyMargin.cs
KSS.PriceNet.Shared.Contracts.DTW/CurrentCost.cs
KSS.PriceNet.Shared.Contracts.DTW/CurrentDealerMargin.cs
KSS.PriceNet.Shared.Contracts.DTW/DealerCostToRetailPercentage.cs
KSS.PriceNet.Shared.Contracts.DTW/ImpliedDealerMargin.cs
KSS.PriceNet.Shared.Contracts.DTW/KSS.PriceNet.Shared.Contracts.DTW.csproj
KSS.PriceNet.Shared.Contracts.DTW/PriceNet.snk
KSS.PriceNet.Shared.Contracts.DTW/Properties/AssemblyInfo.cs
KSS.PriceNet.Shared.Contracts.DTW/ProposedCompanyMargin.cs
KSS.PriceNet.Shared.Contracts.DTW/ProposedDealerMargin.cs
KSS.PriceNet.Shared.Contracts.DTW/RetailPrice.cs
KSS.PriceNet.Shared.Contracts.DTW/app.config
KSS.PriceNet.Shared.Contracts.DealerTradeArea/CurrentCost.cs
KSS.PriceNet.Shared.Contracts.DealerTradeArea/KSS.PriceNet.Shared.Contracts.DealerTradeArea.csproj
KSS.PriceNet.Shared.Contracts.DealerTradeArea/PriceNet.snk
KSS.PriceNet.Shared.Contracts.DealerTradeArea/Properties/AssemblyInfo.cs
KSS.PriceNet.Shared.Contracts.DealerTradeArea/app.config
KSS.PriceNet.Shared.Contracts.HESS/CurrentCost.cs
KSS.PriceNet.Shared.Contracts.HESS/GrossMargin.cs
KSS.PriceNet.Shared.Contracts.HESS/KSS.PriceNet.Shared.Contracts.HESS.csproj
KSS.PriceNet.Shared.Contracts.HESS/PriceExTax.cs
KSS.PriceNet.Shared.Contracts.HESS/Properties/AssemblyInfo.cs
KSS.PriceNet.Shared.Contracts.MARGINFIXED/ContractPrice.cs
KSS.PriceNet.Shared.Contracts.MARGINFIXED/CurrentCompanyMargin.cs
KSS.PriceNet.Shared.Contracts.MARGINFIXED/CurrentCost.cs
KSS.PriceNet.Shared.Contracts.MARGINFIXED/CurrentDealerMargin.cs
KSS.PriceNet.Shared.Contracts.MARGINFIXED/DealerCostToRetailPercentage.cs
KSS.PriceNet.Shared.Contracts.MARGINFIXED/ImpliedDealerMargin.cs
KSS.PriceNet.Shared.Contracts.MARGINFIXED/KSS.PriceNet.Shared.Contracts.MARGINFIXED.csproj
KSS.PriceNet.Shared.Contracts.MARGINFIXED/PriceNet.snk
KSS.PriceNet.Shared.Contracts.MARGINFIXED/Properties/AssemblyInfo.cs
KSS.PriceNet.Shared.Contracts.MARGINFIXED/ProposedCompanyMargin.cs
KSS.PriceNet.Shared.Contracts.MARGINFIXED/ProposedDealerMargin.cs
KSS.PriceNet.Shared.Contracts.MARGINFIXED/RetailPrice.cs
KSS.PriceNet.Shared.Contracts.MARGINFIXED/app.config
KSS.PriceNet.Shared.Contracts.MARGINVARIABLE/AvailableMarginCost.cs
KSS.PriceNet.Shared.Contracts.MARGINVARIABLE/CompanyMargin.cs
KSS.PriceNet.Shared.Contracts.MARGINVARIABLE/ContractPrice.cs
KSS.PriceNet.Shared.Contracts.MARGINVARIABLE/CurrentCost.cs
KSS.PriceNet.Shared.Contracts.MARGINVARIABLE/DealerCostToRetailPercentage.cs
KSS.PriceNet.Shared.Contracts.MARGINVARIABLE/GSTValue.cs
KSS.PriceNet.Shared.Contracts.MARGINVARIABLE/ImpliedDealerMargin.cs
KSS.PriceNet.Shared.Contracts.MARGINVARIABLE/KSS.PriceNet.Shared.Contracts.MARGINVARIABLE.csproj
KSS.PriceNet.Shared.Contracts.MARGINVARIABLE/PriceNet.snk
KSS.PriceNet.Shared.Contracts.MARGINVARIABLE/Properties/AssemblyInfo.cs
KSS.PriceNet.Shared.Contracts.MARGINVARIABLE/QSTValue.cs
KSS.PriceNet.Shared.Contracts.MARGINVARIABLE/StreetPrice.cs
KSS.PriceNet.Shared.Contracts.MARGINVARIABLE/app.config
KSS.PriceNet.Shared.Contracts.SOE/CalculatedWeightedAverageMargin.cs
KSS.PriceNet.Shared.Contracts.SOE/CurrentCost.cs
KSS.PriceNet.Shared.Contracts.SOE/GrossMargin.cs
KSS.PriceNet.Shared.Contracts.SOE/KSS.PriceNet.Shared.Contracts.SOE.csproj
KSS.PriceNet.Shared.Contracts.SOE/LookBackDays.cs
KSS.PriceNet.Shared.Contracts.SOE/MeanReplacementCost.cs
KSS.PriceNet.Shared.Contracts.SOE/MeanRetailPrice.cs
KSS.PriceNet.Shared.Contracts.SOE/MeanWeightedAverageCost.cs
KSS.PriceNet.Shared.Contracts.SOE/PriceNet.snk
KSS.PriceNet.Shared.Contracts.SOE/Properties/AssemblyInfo.cs
KSS.PriceNet.Shared.Contracts.SOE/ProposedPriceWeightedAverageMargin.cs
KSS.PriceNet.Shared.Contracts.SOE/ReplacementCost.cs
KSS.PriceNet.Shared.Contracts.SOE/ReplacementVariance.cs
KSS.PriceNet.Shared.Contracts.SOE/RetailVariance.cs
KSS.PriceNet.Shared.Contracts.SOE/WeightedAverageCost.cs
KSS.PriceNet.Shared.Contracts.SOE/WeightedAverageMargin.cs
KSS.PriceNet.Shared.Contracts.SOE/WeightedAverageRetailPrice.cs
KSS.PriceNet.Shared.Contracts.SOE/WeightedAverageVariance.cs
KSS.PriceNet.Shared.Contracts.SOE/app.config
KSS.PriceNet.Shared.Contracts.Utils/IContractValue.cs
KSS.PriceNet.Shared.Contracts.Utils/KSS.PriceNet.Shared.Contracts.Utils.csproj
KSS.PriceNet.Shared.Contracts.Utils/PriceNet.snk
KSS.PriceNet.Shared.Contracts.Utils/Properties/AssemblyInfo.cs
KSS.PriceNet.Shared.Contracts.Utils/XMLHelpers.cs
KSS.PriceNet.Shared.Contracts.Utils/XMLHelpersBase.cs
KSS.PriceNet.Shared.Contracts.Utils/XMLHelpersWrapper.cs
KSS.PriceNet.Shared.Contracts.Utils/app.config
KSS.PriceNet.Shared.DALFactory/DataAccess.cs
KSS.PriceNet.Shared.DALFactory/KSS.PriceNet.Shared.DALFactory.csproj
KSS.PriceNet.Shared.DALFactory/PriceNet.snk
KSS.PriceNet.Shared.DALFactory/Properties/AssemblyInfo.cs
KSS.PriceNet.Shared.DALFactory/app.config
KSS.PriceNet.Shared.DALFactory/packages.config
KSS.PriceNet.Shared.EntityModel.BLL/AverageSiteMarginCalculator.cs
KSS.PriceNet.Shared.EntityModel.BLL/ConfigHandler.cs
KSS.PriceNet.Shared.EntityModel.BLL/ContractValueHandler.cs
KSS.PriceNet.Shared.EntityModel.BLL/DatabaseKeyHandler.cs
KSS.PriceNet.Shared.EntityModel.BLL/DeleteEntityHandler.cs
KSS.PriceNet.Shared.EntityModel.BLL/EntitiesToDelete.Designer.cs
KSS.PriceNet.Shared.EntityModel.BLL/EntitiesToDelete.xsd
KSS.PriceNet.Shared.EntityModel.BLL/EntityNameValueHandlerBase.cs
KSS.PriceNet.Shared.EntityModel.BLL/GlobalProductGroupHandler.cs
KSS.PriceNet.Shared.EntityModel.BLL/INameValueHandler.cs
KSS.PriceNet.Shared.EntityModel.BLL/KSS.PriceNet.Shared.EntityModel.BLL.csproj
KSS.PriceNet.Shared.EntityModel.BLL/NameValueHandlers.cs
KSS.PriceNet.Shared.EntityModel.BLL/NameValuesManager.cs
KSS.PriceNet.Shared.EntityModel.BLL/PredefinedNotesHandler.cs
KSS.PriceNet.Shared.EntityModel.BLL/PriceNet.snk
KSS.PriceNet.Shared.EntityModel.BLL/PriceRequestSourceHandler.cs
KSS.PriceNet.Shared.EntityModel.BLL/Properties/AssemblyInfo.cs
KSS.PriceNet.Shared.EntityModel.BLL/StrategyMatrixHandler.cs
KSS.PriceNet.Shared.EntityModel.BLL/app.config
KSS.PriceNet.Shared.EntityModel.IDAL/IConfigDAL.cs
KSS.PriceNet.Shared.EntityModel.IDAL/IContractValuePreReqDAL.cs
KSS.PriceNet.Shared.EntityModel.IDAL/IDeleteEntityDAL.cs
KSS.PriceNet.Shared.EntityModel.IDAL/IEntityModel.cs
KSS.PriceNet.Shared.EntityModel.IDAL/IGlobalProductGroupDAL.cs
KSS.PriceNet.Shared.EntityModel.IDAL/IPredefinedNotesDAL.cs
KSS.PriceNet.Shared.EntityModel.IDAL/KSS.PriceNet.Shared.EntityModel.IDAL.csproj
KSS.PriceNet.Shared.EntityModel.IDAL/PriceNet.snk
KSS.PriceNet.Shared.EntityModel.IDAL/Properties/AssemblyInfo.cs
KSS.PriceNet.Shared.EntityModel.SQLServerDAL/ConfigDAL.cs
KSS.PriceNet.Shared.EntityModel.SQLServerDAL/ContractValuePreReqDAL.cs
KSS.PriceNet.Shared.EntityModel.SQLServerDAL/DatabaseDAL.cs
KSS.PriceNet.Shared.EntityModel.SQLServerDAL/DeleteEntityDAL.cs
KSS.PriceNet.Shared.EntityModel.SQLServerDAL/EntityModel.cs
KSS.PriceNet.Shared.EntityModel.SQLServerDAL/GlobalProductGroupDAL.cs
KSS.PriceNet.Shared.EntityModel.SQLServerDAL/KSS.PriceNet.Shared.EntityModel.SQLServerDAL.csproj
KSS.PriceNet.Shared.EntityModel.SQLServerDAL/PredefinedNotesDAL.cs
KSS.PriceNet.Shared.EntityModel.SQLServerDAL/PriceNet.snk
KSS.PriceNet.Shared.EntityModel.SQLServerDAL/Properties/AssemblyInfo.cs
KSS.PriceNet.Shared.EntityModel.SQLServerDAL/app.config
KSS.PriceNet.Shared.EntityModel.UnitTests/App.config
KSS.PriceNet.Shared.EntityModel.UnitTests/AuthoringTests.txt
KSS.PriceNet.Shared.EntityModel.UnitTests/ContractValueHandlerTest.cs
KSS.PriceNet.Shared.EntityModel.UnitTests/FormatLibraryTest.cs
KSS.PriceNet.Shared.EntityModel.UnitTests/KSS.PriceNet.Shared.EntityModel.UnitTests.csproj
KSS.PriceNet.Shared.EntityModel.UnitTests/Properties/AssemblyInfo.cs
KSS.PriceNet.Shared.EntityModel/AdvancedSearch.cs
KSS.PriceNet.Shared.EntityModel/AfterDeleteHandler.cs
KSS.PriceNet.Shared.EntityModel/AfterInsertHandler.cs
KSS.PriceNet.Shared.EntityModel/AfterUpdateHandler.cs
KSS.PriceNet.Shared.EntityModel/AlternateImportCode.cs
KSS.PriceNet.Shared.EntityModel/AlternateImportCodeRestriction.cs
KSS.PriceNet.Shared.EntityModel/BasicSearch.cs
KSS.PriceNet.Shared.EntityModel/BasicSearchParameter.cs
KSS.PriceNet.Shared.EntityModel/BeforeDeleteHandler.cs
KSS.PriceNet.Shared.EntityModel/BeforeInsertHandler.cs
KSS.PriceNet.Shared.EntityModel/BeforeUpdateHandler.cs
KSS.PriceNet.Shared.EntityModel/Brand.cs
KSS.PriceNet.Shared.EntityModel/ChartColour.cs
KSS.PriceNet.Shared.EntityModel/CommonValidation.cs
KSS.PriceNet.Shared.EntityModel/CompetitorGroup.cs
KSS.PriceNet.Shared.EntityModel/CompetitorPriority.cs
KSS.PriceNet.Shared.EntityModel/CompetitorProductRelation.cs
KSS.PriceNet.Shared.EntityModel/CompetitorSite.cs
KSS.PriceNet.Shared.EntityModel/CompositeHistory.cs
KSS.PriceNet.Shared.EntityModel/Config.cs
KSS.PriceNet.Shared.EntityModel/ContextMenu.cs
KSS.PriceNet.Shared.EntityModel/ContextMenuOption.cs
KSS.PriceNet.Shared.EntityModel/ContractProduct.cs
KSS.PriceNet.Shared.EntityModel/ContractType.cs
KSS.PriceNet.Shared.EntityModel/ContractTypeParameter.cs
KSS.PriceNet.Shared.EntityModel/ContractValue.cs
KSS.PriceNet.Shared.EntityModel/CrossEffect.cs
KSS.PriceNet.Shared.EntityModel/CrossEffectType.cs
KSS.PriceNet.Shared.EntityModel/DBModelStructure.cs
KSS.PriceNet.Shared.EntityModel/DateRange.cs
KSS.PriceNet.Shared.EntityModel/DealerSite.cs
KSS.PriceNet.Shared.EntityModel/DealerTrustCategory.cs
KSS.PriceNet.Shared.EntityModel/Differential.cs
KSS.PriceNet.Shared.EntityModel/DifferentialType.cs
KSS.PriceNet.Shared.EntityModel/Entity.cs
KSS.PriceNet.Shared.EntityModel/EntityIdentifiers.cs
KSS.PriceNet.Shared.EntityModel/EntityLevel.cs
KSS.PriceNet.Shared.EntityModel/EntityNameValue.cs
KSS.PriceNet.Shared.EntityModel/EntityNameValues.cs
KSS.PriceNet.Shared.EntityModel/EntityNote.cs
KSS.PriceNet.Shared.EntityModel/EntityRelationship.cs
KSS.PriceNet.Shared.EntityModel/EntityType.cs
KSS.PriceNet.Shared.EntityModel/Event.cs
KSS.PriceNet.Shared.EntityModel/EventEntity.cs
KSS.PriceNet.Shared.EntityModel/EventTemplate.cs
KSS.PriceNet.Shared.EntityModel/ExportMetaData.cs
KSS.PriceNet.Shared.EntityModel/ExtendedProperty.cs
KSS.PriceNet.Shared.EntityModel/ExtendedPropertyOption.cs
KSS.PriceNet.Shared.EntityModel/ExtendedPropertyType.cs
KSS.PriceNet.Shared.EntityModel/Forecast.cs
KSS.PriceNet.Shared.EntityModel/ForeignKeyInfo.cs
KSS.PriceNet.Shared.EntityModel/ForeignKeyList.cs
KSS.PriceNet.Shared.EntityModel/GPCChange.cs
KSS.PriceNet.Shared.EntityModel/GPCRule.cs
KSS.PriceNet.Shared.EntityModel/GPCVariation.cs
KSS.PriceNet.Shared.EntityModel/GeneralPriceChange.cs
KSS.PriceNet.Shared.EntityModel/GeneralPriceChangeStatusEnum.cs
KSS.PriceNet.Shared.EntityModel/GlobalCostValue.cs
KSS.PriceNet.Shared.EntityModel/GlobalProductGroupNameValue.cs
KSS.PriceNet.Shared.EntityModel/Helpers/RecurrenceHelper.cs
KSS.PriceNet.Shared.EntityModel/HistoryItem.cs
KSS.PriceNet.Shared.EntityModel/IEntity.cs
KSS.PriceNet.Shared.EntityModel/KSS.PriceNet.Shared.EntityModel.csproj
KSS.PriceNet.Shared.EntityModel/KSS.PriceNet.Shared.EntityModel.sln
KSS.PriceNet.Shared.EntityModel/LeadFollowRelation.cs
KSS.PriceNet.Shared.EntityModel/LeadFollowRelationType.cs
KSS.PriceNet.Shared.EntityModel/LeadFollowSite.cs
KSS.PriceNet.Shared.EntityModel/LookupProperty.cs
KSS.PriceNet.Shared.EntityModel/MarginShareConfig.cs
KSS.PriceNet.Shared.EntityModel/Message.cs
KSS.PriceNet.Shared.EntityModel/ModelEntity.cs
KSS.PriceNet.Shared.EntityModel/ModelEntityTemplate.cs
KSS.PriceNet.Shared.EntityModel/ModelError.cs
KSS.PriceNet.Shared.EntityModel/ModelProperty.cs
KSS.PriceNet.Shared.EntityModel/ModelRelation.cs
KSS.PriceNet.Shared.EntityModel/NavigatorFilter.cs
KSS.PriceNet.Shared.EntityModel/NavigatorGroup.cs
KSS.PriceNet.Shared.EntityModel/NavigatorHistory.cs
KSS.PriceNet.Shared.EntityModel/Nullable.cs
KSS.PriceNet.Shared.EntityModel/OPISProduct.cs
KSS.PriceNet.Shared.EntityModel/OPISSite.cs
KSS.PriceNet.Shared.EntityModel/OpisSearch.cs
KSS.PriceNet.Shared.EntityModel/OwnSite.cs
KSS.PriceNet.Shared.EntityModel/OwnSiteCompetitor.cs
KSS.PriceNet.Shared.EntityModel/PGCategory.cs
KSS.PriceNet.Shared.EntityModel/PGRelationship.cs
KSS.PriceNet.Shared.EntityModel/PMITemplate.cs
KSS.PriceNet.Shared.EntityModel/PMITemplateError.cs
KSS.PriceNet.Shared.EntityModel/PMITemplateSetting.cs
KSS.PriceNet.Shared.EntityModel/PNChartItem.cs
KSS.PriceNet.Shared.EntityModel/PNChartSeries.cs
KSS.PriceNet.Shared.EntityModel/Policy.cs
KSS.PriceNet.Shared.EntityModel/PolicyEntity.cs
KSS.PriceNet.Shared.EntityModel/PrecedenceEnum.cs
KSS.PriceNet.Shared.EntityModel/PredefinedNote.cs
KSS.PriceNet.Shared.EntityModel/PriceNet.snk
KSS.PriceNet.Shared.EntityModel/PriceRequest.cs
KSS.PriceNet.Shared.EntityModel/PriceRequestFilterValue.cs
KSS.PriceNet.Shared.EntityModel/PriceRequestOwnProduct.cs
KSS.PriceNet.Shared.EntityModel/PriceRequestTypeEnum.cs
KSS.PriceNet.Shared.EntityModel/PriceRequestTypes.cs
KSS.PriceNet.Shared.EntityModel/PriceRequestValue.cs
KSS.PriceNet.Shared.EntityModel/PriceRequestValue2.cs
KSS.PriceNet.Shared.EntityModel/PriceRule.cs
KSS.PriceNet.Shared.EntityModel/PriceRuleGroup.cs
KSS.PriceNet.Shared.EntityModel/PriceRuleProperty.cs
KSS.PriceNet.Shared.EntityModel/PriceRuleType.cs
KSS.PriceNet.Shared.EntityModel/PricingPeriodTemplate.cs
KSS.PriceNet.Shared.EntityModel/PricingPeriodType.cs
KSS.PriceNet.Shared.EntityModel/PricingProfile.cs
KSS.PriceNet.Shared.EntityModel/PricingProfileType.cs
KSS.PriceNet.Shared.EntityModel/Product.cs
KSS.PriceNet.Shared.EntityModel/ProductGroup.cs
KSS.PriceNet.Shared.EntityModel/ProductPromotion.cs
KSS.PriceNet.Shared.EntityModel/Properties/AssemblyInfo.cs
KSS.PriceNet.Shared.EntityModel/Property.cs
KSS.PriceNet.Shared.EntityModel/PropertyGroup.cs
KSS.PriceNet.Shared.EntityModel/PropertyOption.cs
KSS.PriceNet.Shared.EntityModel/PropertyTypeInfo.cs
KSS.PriceNet.Shared.EntityModel/ProposedPrice.cs
KSS.PriceNet.Shared.EntityModel/ProposedPriceCorrection.cs
KSS.PriceNet.Shared.EntityModel/RestorationCompetitor.cs
KSS.PriceNet.Shared.EntityModel/RestorationTemplate.cs
KSS.PriceNet.Shared.EntityModel/ReviewPriority.cs
KSS.PriceNet.Shared.EntityModel/RuleProperty.cs
KSS.PriceNet.Shared.EntityModel/RulePropertyEntity.cs
KSS.PriceNet.Shared.EntityModel/SalesImpact.cs
KSS.PriceNet.Shared.EntityModel/Site.cs
KSS.PriceNet.Shared.EntityModel/StepInfo.cs
KSS.PriceNet.Shared.EntityModel/StrategyActionEnum.cs
KSS.PriceNet.Shared.EntityModel/StrategyTimePeriod.cs
KSS.PriceNet.Shared.EntityModel/StrategyTypeEnum.cs
KSS.PriceNet.Shared.EntityModel/SystemType.cs
KSS.PriceNet.Shared.EntityModel/Target.cs
KSS.PriceNet.Shared.EntityModel/TargetSummary.cs
KSS.PriceNet.Shared.EntityModel/UserChange.cs
KSS.PriceNet.Shared.EntityModel/app.config
KSS.PriceNet.Shared.ExtensionMethods/CommonExtensionMethods.cs
KSS.PriceNet.Shared.ExtensionMethods/DataTableHelper.cs
KSS.PriceNet.Shared.ExtensionMethods/KSS.PriceNet.Shared.ExtensionMethods.csproj
KSS.PriceNet.Shared.ExtensionMethods/PriceNet.snk
KSS.PriceNet.Shared.ExtensionMethods/Properties/AssemblyInfo.cs
KSS.PriceNet.Shared.Installer/Installer.cs
KSS.PriceNet.Shared.Installer/KSS.PriceNet.Shared.Installer.csproj
KSS.PriceNet.Shared.Installer/Properties/AssemblyInfo.cs
KSS.PriceNet.Shared.Interfaces/IOptimisation.cs
KSS.PriceNet.Shared.Interfaces/IProduct.cs
KSS.PriceNet.Shared.Interfaces/IProductGroup.cs
KSS.PriceNet.Shared.Interfaces/KSS.PriceNet.Shared.Interfaces.csproj
KSS.PriceNet.Shared.Interfaces/PriceNet.snk
KSS.PriceNet.Shared.Interfaces/Properties/AssemblyInfo.cs
KSS.PriceNet.Shared.Interfaces/app.config
KSS.PriceNet.Shared.WebControls/KSS.PriceNet.Shared.WebControls.sln
KSS.PriceNet.Shared.WebControls/KSS.PriceNet.Shared.WebControls/Calendar.png
KSS.PriceNet.Shared.WebControls/KSS.PriceNet.Shared.WebControls/EnhancedSessionApplication.cs
KSS.PriceNet.Shared.WebControls/KSS.PriceNet.Shared.WebControls/EnhancedSessionMasterPage.cs
KSS.PriceNet.Shared.WebControls/KSS.PriceNet.Shared.WebControls/EnhancedSessionPage.cs
KSS.PriceNet.Shared.WebControls/KSS.PriceNet.Shared.WebControls/EnhancedSessionUserControl.cs
KSS.PriceNet.Shared.WebControls/KSS.PriceNet.Shared.WebControls/EnhancedSessionWebService.cs
KSS.PriceNet.Shared.WebControls/KSS.PriceNet.Shared.WebControls/IKSSControl.cs
KSS.PriceNet.Shared.WebControls/KSS.PriceNet.Shared.WebControls/IKSSTranslateControl.cs
KSS.PriceNet.Shared.WebControls/KSS.PriceNet.Shared.WebControls/IStateManagedItem.cs
KSS.PriceNet.Shared.WebControls/KSS.PriceNet.Shared.WebControls/KSS.PriceNet.Shared.WebControls.csproj
KSS.PriceNet.Shared.WebControls/KSS.PriceNet.Shared.WebControls/KSSCheckBox.cs
KSS.PriceNet.Shared.WebControls/KSS.PriceNet.Shared.WebControls/KSSComboBox.cs
KSS.PriceNet.Shared.WebControls/KSS.PriceNet.Shared.WebControls/KSSComboBox.js
KSS.PriceNet.Shared.WebControls/KSS.PriceNet.Shared.WebControls/KSSComboBoxItem.cs
KSS.PriceNet.Shared.WebControls/KSS.PriceNet.Shared.WebControls/KSSControlCommon.cs
KSS.PriceNet.Shared.WebControls/KSS.PriceNet.Shared.WebControls/KSSDateTextBox.cs
KSS.PriceNet.Shared.WebControls/KSS.PriceNet.Shared.WebControls/KSSDateTimeTextBox.cs
KSS.PriceNet.Shared.WebControls/KSS.PriceNet.Shared.WebControls/KSSEditableGridView.cs
KSS.PriceNet.Shared.WebControls/KSS.PriceNet.Shared.WebControls/KSSExtendedComboBox/KSSExtendedComboBox.cs
KSS.PriceNet.Shared.WebControls/KSS.PriceNet.Shared.WebControls/KSSExtendedComboBox/KSSExtendedComboBox.js
KSS.PriceNet.Shared.WebControls/KSS.PriceNet.Shared.WebControls/KSSFieldValidation.cs
KSS.PriceNet.Shared.WebControls/KSS.PriceNet.Shared.WebControls/KSSFloatTextBox.cs
KSS.PriceNet.Shared.WebControls/KSS.PriceNet.Shared.WebControls/KSSIntegerTextBox.cs
KSS.PriceNet.Shared.WebControls/KSS.PriceNet.Shared.WebControls/KSSListBox.cs
KSS.PriceNet.Shared.WebControls/KSS.PriceNet.Shared.WebControls/KSSMonthComboBox.cs
KSS.PriceNet.Shared.WebControls/KSS.PriceNet.Shared.WebControls/KSSPagedRepeater.cs
KSS.PriceNet.Shared.WebControls/KSS.PriceNet.Shared.WebControls/KSSPagedRepeaterResources/FirstPage.gif
KSS.PriceNet.Shared.WebControls/KSS.PriceNet.Shared.WebControls/KSSPagedRepeaterResources/FirstPage_Disabled.gif
KSS.PriceNet.Shared.WebControls/KSS.PriceNet.Shared.WebControls/KSSPagedRepeaterResources/KSSPagedRepeater.css
KSS.PriceNet.Shared.WebControls/KSS.PriceNet.Shared.WebControls/KSSPagedRepeaterResources/LastPage.gif
KSS.PriceNet.Shared.WebControls/KSS.PriceNet.Shared.WebControls/KSSPagedRepeaterResources/LastPage_Disabled.gif
KSS.PriceNet.Shared.WebControls/KSS.PriceNet.Shared.WebControls/KSSPagedRepeaterResources/NextPage.gif
KSS.PriceNet.Shared.WebControls/KSS.PriceNet.Shared.WebControls/KSSPagedRepeaterResources/NextPage_Disabled.gif
KSS.PriceNet.Shared.WebControls/KSS.PriceNet.Shared.WebControls/KSSPagedRepeaterResources/PreviousPage.gif
KSS.PriceNet.Shared.WebControls/KSS.PriceNet.Shared.WebControls/KSSPagedRepeaterResources/PreviousPage_Disabled.gif
KSS.PriceNet.Shared.WebControls/KSS.PriceNet.Shared.WebControls/KSSPriceTextBox.cs
KSS.PriceNet.Shared.WebControls/KSS.PriceNet.Shared.WebControls/KSSReorderPanel.cs
KSS.PriceNet.Shared.WebControls/KSS.PriceNet.Shared.WebControls/KSSReorderParentPanel.cs
KSS.PriceNet.Shared.WebControls/KSS.PriceNet.Shared.WebControls/KSSTextBox.cs
KSS.PriceNet.Shared.WebControls/KSS.PriceNet.Shared.WebControls/KSSTimeTextBox.cs
KSS.PriceNet.Shared.WebControls/KSS.PriceNet.Shared.WebControls/KSSTranslateButton.cs
KSS.PriceNet.Shared.WebControls/KSS.PriceNet.Shared.WebControls/KSSTranslateImage.cs
KSS.PriceNet.Shared.WebControls/KSS.PriceNet.Shared.WebControls/KSSTranslateLabel.cs
KSS.PriceNet.Shared.WebControls/KSS.PriceNet.Shared.WebControls/KSSTranslateLinkButton.cs
KSS.PriceNet.Shared.WebControls/KSS.PriceNet.Shared.WebControls/KSSUpDownArrow.cs
KSS.PriceNet.Shared.WebControls/KSS.PriceNet.Shared.WebControls/KSSUpDownArrowResources/DownArrow.gif
KSS.PriceNet.Shared.WebControls/KSS.PriceNet.Shared.WebControls/KSSUpDownArrowResources/KSSUpDownArrow.css
KSS.PriceNet.Shared.WebControls/KSS.PriceNet.Shared.WebControls/KSSUpDownArrowResources/KSSUpDownArrow.js
KSS.PriceNet.Shared.WebControls/KSS.PriceNet.Shared.WebControls/KSSUpDownArrowResources/UpArrow.gif
KSS.PriceNet.Shared.WebControls/KSS.PriceNet.Shared.WebControls/KSSVolumeTextBox.cs
KSS.PriceNet.Shared.WebControls/KSS.PriceNet.Shared.WebControls/KSSYearComboBox.cs
KSS.PriceNet.Shared.WebControls/KSS.PriceNet.Shared.WebControls/PriceNet.snk
KSS.PriceNet.Shared.WebControls/KSS.PriceNet.Shared.WebControls/Properties/AssemblyInfo.cs
KSS.PriceNet.Shared.WebControls/KSS.PriceNet.Shared.WebControls/StateManagedCollection.cs
KSS.PriceNet.Shared.WebControls/KSS.PriceNet.Shared.WebControls/StateManagedCompositeControl.cs
KSS.PriceNet.Shared.WebControls/KSS.PriceNet.Shared.WebControls/StateManagedItem.cs
KSS.PriceNet.SqlConnection/KSS.PriceNet.SqlConnectionService.csproj
KSS.PriceNet.SqlConnection/PriceNet.snk
KSS.PriceNet.SqlConnection/Properties/AssemblyInfo.cs
KSS.PriceNet.SqlConnection/SQLUtil.cs
KSS.PriceNet.SqlConnection/SQLUtilBase.cs
KSS.PriceNet.SqlConnection/SQLUtilWrapper.cs
KSS.PriceNet.SqlConnection/SqlConnService.cs
KSS.PriceNet.SqlConnection/app.config
KSS.PriceNet.SqlConnection/packages.config
KSS.PriceNet.XMLSecurityProvider/IXMLSecurityProvider.cs
KSS.PriceNet.XMLSecurityProvider/KSS.PriceNet.XMLSecurityProvider.csproj
KSS.PriceNet.XMLSecurityProvider/KSSWM.snk
KSS.PriceNet.XMLSecurityProvider/Properties/AssemblyInfo.cs
KSS.PriceNet.XMLSecurityProvider/SignCode.p12
KSS.PriceNet.XMLSecurityProvider/signtool.exe
KSSL/32-bit/MPNOpt.dll
KSSL/32-bit/MPNPARAM2.dll
KSSL/32-bit/MSVCR71.DLL
KSSL/32-bit/libguide40.dll
KSSL/32-bit/libimalloc.dll
KSSL/32-bit/mkl_def.dll
KSSL/32-bit/mkl_ias.dll
KSSL/32-bit/mkl_lapack.dll
KSSL/32-bit/mkl_p3.dll
KSSL/32-bit/mkl_p4.dll
KSSL/32-bit/mkl_p4m.dll
KSSL/32-bit/mkl_p4p.dll
KSSL/32-bit/mkl_vml_def.dll
KSSL/32-bit/mkl_vml_p3.dll
KSSL/32-bit/mkl_vml_p4.dll
KSSL/32-bit/mkl_vml_p4m.dll
KSSL/32-bit/mkl_vml_p4p.dll
KSSL/64-bit/MPNOpt.dll
KSSL/64-bit/MPNPARAM2.dll
KSSL/64-bit/libguide40.dll
KSSL/64-bit/libimalloc.dll
KSSL/64-bit/mkl_def.dll
KSSL/64-bit/mkl_ias.dll
KSSL/64-bit/mkl_lapack.dll
KSSL/64-bit/mkl_mc.dll
KSSL/64-bit/mkl_p4n.dll
KSSL/64-bit/mkl_vml_def.dll
KSSL/64-bit/mkl_vml_mc.dll
KSSL/64-bit/mkl_vml_p4n.dll
Kalibrate.ExtractRuleAudit.Tests/BinaryData1.bin
Kalibrate.ExtractRuleAudit.Tests/BinaryData2.bin
Kalibrate.ExtractRuleAudit.Tests/BinaryData3.bin
Kalibrate.ExtractRuleAudit.Tests/Kalibrate.ExtractRuleAudit.Tests.csproj
Kalibrate.ExtractRuleAudit.Tests/ProcessorTests.cs
Kalibrate.ExtractRuleAudit.Tests/Properties/AssemblyInfo.cs
Kalibrate.ExtractRuleAudit.Tests/app.config
Kalibrate.ExtractRuleAudit.Tests/packages.config
Kalibrate.ExtractRuleAudit/ExtractRuleAudit.xslt
Kalibrate.ExtractRuleAudit/ISqlDal.cs
Kalibrate.ExtractRuleAudit/Kalibrate.ExtractRuleAudit.csproj
Kalibrate.ExtractRuleAudit/Models/PricingProfile.cs
Kalibrate.ExtractRuleAudit/Models/ProposedPriceAudit.cs
Kalibrate.ExtractRuleAudit/Models/Rule.cs
Kalibrate.ExtractRuleAudit/Processor.cs
Kalibrate.ExtractRuleAudit/Program.cs
Kalibrate.ExtractRuleAudit/Properties/AssemblyInfo.cs
Kalibrate.ExtractRuleAudit/SqlDal.cs
Kalibrate.ExtractRuleAudit/app.config
Kalibrate.ExtractRuleAudit/packages.config
Kalibrate.ModelUpdate/DeleteHandler.cs
Kalibrate.ModelUpdate/ExceptionUtil.cs
Kalibrate.ModelUpdate/FileReader.cs
Kalibrate.ModelUpdate/IDal.cs
Kalibrate.ModelUpdate/IFileReader.cs
Kalibrate.ModelUpdate/InsertHandler.cs
Kalibrate.ModelUpdate/Kalibrate.ModelUpdate.csproj
Kalibrate.ModelUpdate/Models/Column.cs
Kalibrate.ModelUpdate/Models/ExtendedProperty.cs
Kalibrate.ModelUpdate/Models/ForeignKey.cs
Kalibrate.ModelUpdate/Models/LookupValue.cs
Kalibrate.ModelUpdate/Models/SystemType.cs
Kalibrate.ModelUpdate/Models/Table.cs
Kalibrate.ModelUpdate/Models/TableExtensions.cs
Kalibrate.ModelUpdate/Models/TablesDictionary.cs
Kalibrate.ModelUpdate/Models/UniqueConstraint.cs
Kalibrate.ModelUpdate/OperationHandler.cs
Kalibrate.ModelUpdate/Processor.cs
Kalibrate.ModelUpdate/Program.cs
Kalibrate.ModelUpdate/Properties/AssemblyInfo.cs
Kalibrate.ModelUpdate/SqlDal.cs
Kalibrate.ModelUpdate/SqlScripts.Designer.cs
Kalibrate.ModelUpdate/SqlScripts.resx
Kalibrate.ModelUpdate/UpdateHandler.cs
Kalibrate.ModelUpdate/Validators/CompetitorProductValidator.cs
Kalibrate.ModelUpdate/Validators/CompetitorSiteValidator.cs
Kalibrate.ModelUpdate/Validators/CustomValidator.cs
Kalibrate.ModelUpdate/Validators/GlobalProductValidator.cs
Kalibrate.ModelUpdate/Validators/NumericComparisonValidator.cs
Kalibrate.ModelUpdate/Validators/NumericLimitValidator.cs
Kalibrate.ModelUpdate/Validators/OwnProductValidator.cs
Kalibrate.ModelUpdate/Validators/OwnSiteValidator.cs
Kalibrate.ModelUpdate/Validators/ValidatorBase.cs
Kalibrate.ModelUpdate/app.config
Kalibrate.ModelUpdate/packages.config
Makefile
ModelUpdateTestHarness/App.config
ModelUpdateTestHarness/ModelUpdateTestHarness.csproj
ModelUpdateTestHarness/Program.cs
ModelUpdateTestHarness/Properties/AssemblyInfo.cs
OptimisationTest/App.config
OptimisationTest/OptimisationTest.csproj
OptimisationTest/Program.cs
OptimisationTest/Properties/AssemblyInfo.cs
Parameterisation Test Harness/App.config
Parameterisation Test Harness/Parameterisation Test Harness.csproj
Parameterisation Test Harness/Program.cs
Parameterisation Test Harness/Properties/AssemblyInfo.cs
PetesTestHarness/App.config
PetesTestHarness/PetesTestHarness.csproj
PetesTestHarness/Program.cs
PetesTestHarness/Properties/AssemblyInfo.cs
README.md
Telerik/Telerik.Web.UI.Skins.dll
Telerik/Telerik.Web.UI.XML
Telerik/Telerik.Web.UI.dll
Test Harness/App.config
Test Harness/BatchStepTestHarness.csproj
Test Harness/BatchStepTestHarness.sln
Test Harness/Form1.Designer.cs
Test Harness/Form1.cs
Test Harness/Form1.resx
Test Harness/Program.cs
Test Harness/Properties/AssemblyInfo.cs
Test Harness2/App.config
Test Harness2/BatchTestHarness.csproj
Test Harness2/Extensions.cs
Test Harness2/Form1.Designer.cs
Test Harness2/Form1.cs
Test Harness2/Form1.resx
Test Harness2/Program.cs
Test Harness2/Properties/AssemblyInfo.cs
azure-pipelines.yml
choco/$SYSDIR/MSVCR71.DLL
choco/$SYSDIR/libguide40.dll
choco/$SYSDIR/libimalloc.dll
choco/$SYSDIR/mkl_def.dll
choco/$SYSDIR/mkl_ias.dll
choco/$SYSDIR/mkl_lapack.dll
choco/$SYSDIR/mkl_mc.dll
choco/$SYSDIR/mkl_p3.dll
choco/$SYSDIR/mkl_p4.dll
choco/$SYSDIR/mkl_p4m.dll
choco/$SYSDIR/mkl_p4n.dll
choco/$SYSDIR/mkl_p4p.dll
choco/$SYSDIR/mkl_vml_def.dll
choco/$SYSDIR/mkl_vml_mc.dll
choco/$SYSDIR/mkl_vml_p3.dll
choco/$SYSDIR/mkl_vml_p4.dll
choco/$SYSDIR/mkl_vml_p4m.dll
choco/$SYSDIR/mkl_vml_p4n.dll
choco/$SYSDIR/mkl_vml_p4p.dll
choco/custom-choco.sh
choco/excludelist.txt
choco/pricenetbatch.nuspec
choco/tools/IIS-Functions/IIS-Functions.psd1
choco/tools/IIS-Functions/IIS-Functions.psm1
choco/tools/KSS.PriceNet.Batch.Import.exe.config
choco/tools/Kalibrate.ModelUpdate.exe.config
choco/tools/LICENSE.txt
choco/tools/VERIFICATION.txt
choco/tools/chocolateybeforemodify.ps1
choco/tools/chocolateyinstall.ps1
choco/tools/chocolateyuninstall.ps1
choco/tools/datachannels.ps1
choco/tools/winservice.ps1
docker-compose.ports.yml
docker-compose.yml
kCalculate/DataStructures.cs
kCalculate/Formula.cs
kCalculate/IFormula.cs
kCalculate/PriceNet.snk
kCalculate/Properties/AssemblyInfo.cs
kCalculate/kCalculate.csproj
kCalculateTest/App.config
kCalculateTest/DB Stuff/ALL SPROCS Alter - Need no other scripts.sql
kCalculateTest/DB Stuff/ALL SPROCS Create - Need no other scripts.sql
kCalculateTest/DB Stuff/AddBrandToTradeArea.sql
kCalculateTest/DB Stuff/AddCompetitorSiteToTradeArea.sql
kCalculateTest/DB Stuff/AddDealerTradeArea.sql
kCalculateTest/DB Stuff/AddOwnSiteToTradeArea.sql
kCalculateTest/DB Stuff/ETLTransferSteps.sql
kCalculateTest/DB Stuff/IncludeBrandInTradeAreaCalculations.sql
kCalculateTest/DB Stuff/IncludeSiteInTradeAreaCalculations.sql
kCalculateTest/DB Stuff/PMWAddBrandToTradeArea.sql
kCalculateTest/DB Stuff/PMWAddCompetitorSiteToTradeArea.sql
kCalculateTest/DB Stuff/PMWAddDealerTradeArea.sql
kCalculateTest/DB Stuff/PMWAddOwnSiteToTradeArea.sql
kCalculateTest/DB Stuff/PMWSaveTradeAreaProduct.sql
kCalculateTest/DB Stuff/RemoveSiteFromTradeArea.sql
kCalculateTest/DB Stuff/SaveNotionalStreetPriceCalculation.sql
kCalculateTest/DB Stuff/SaveProductTVA.sql
kCalculateTest/DB Stuff/SaveTradeAreaProduct.sql
kCalculateTest/DB Stuff/ksspnpmw_InsertCostTypeAndValue.sql
kCalculateTest/DB Stuff/prc.DealerSiteRelation.sql
kCalculateTest/DB Stuff/prc.PNDealerSiteRelation.sql
kCalculateTest/Form1.Designer.cs
kCalculateTest/Form1.cs
kCalculateTest/Form1.resx
kCalculateTest/Program.cs
kCalculateTest/Properties/AssemblyInfo.cs
kCalculateTest/Properties/Resources.Designer.cs
kCalculateTest/Properties/Resources.resx
kCalculateTest/Properties/Settings.Designer.cs
kCalculateTest/Properties/Settings.settings
kCalculateTest/kCalculateTest.csproj
kCalculateUnitTests/Properties/AssemblyInfo.cs
kCalculateUnitTests/UnitTest1.cs
kCalculateUnitTests/kCalculateUnitTests.csproj
kCalculateUnitTests/packages.config
pricenet-alerts
